Port 80 is already in use
Port 80 is already in use
Port 80 is already in use
Port 80 is already in use
Port 80 is already in use
Port 80 is already in use
Port 80 is already in use
Port 80 is already in use
Port 80 is already in use
Port 80 is already in use
Port 80 is already in use
Port 80 is already in use
Port 80 is already in use
Port 80 is already in use
Port 80 is already in use
Port 80 is already in use
Port 80 is already in use
Port 80 is already in use
Port 80 is already in use
Port 80 is already in use
Port 80 is already in use
Port 80 is already in use
Port 80 is already in use
Port 80 is already in use
Port 80 is already in use
Port 80 is already in use
Port 80 is already in use
Port 80 is already in use
Port 80 is already in use
Port 80 is already in use
Port 80 is already in use
Port 80 is already in use
Port 80 is already in use
Port 80 is already in use
Port 80 is already in use
Port 80 is already in use
Port 80 is already in use
Port 80 is already in use
Port 80 is already in use
Port 80 is already in use
Port 80 is already in use
Port 80 is already in use
Port 80 is already in use
Port 80 is already in use
Port 80 is already in use
Port 80 is already in use
Port 80 is already in use
Port 80 is already in use
Port 80 is already in use
Port 80 is already in use
Port 80 is already in use
Port 80 is already in use
Port 80 is already in use
Port 80 is already in use
Port 80 is already in use
Port 80 is already in use
Port 80 is already in use
Port 80 is already in use
Port 80 is already in use
Port 80 is already in use
Port 80 is already in use
Port 80 is already in use
Port 80 is already in use
Port 80 is already in use
Port 80 is already in use
Port 80 is already in use
Port 80 is already in use
Port 80 is already in use
Port 80 is already in use
Port 80 is already in use
Port 80 is already in use
Port 80 is already in use
Port 80 is already in use
Port 80 is already in use
Port 80 is already in use
Port 80 is already in use
Port 80 is already in use
Port 80 is already in use
Port 80 is already in use
Port 80 is already in use
Port 80 is already in use
Port 80 is already in use
Port 80 is already in use
Port 80 is already in use
Port 80 is already in use
Port 80 is already in use
Port 80 is already in use
Port 80 is already in use
Port 80 is already in use
Port 80 is already in use
Port 80 is already in use
Port 80 is already in use
Port 80 is already in use
Port 80 is already in use
Port 80 is already in use
Port 80 is already in use
Port 80 is already in use
Port 80 is already in use
Port 80 is already in use
Port 80 is already in use
Port 80 is already in use
Port 80 is already in use
Port 80 is already in use
Port 80 is already in use
Port 80 is already in use
Port 80 is already in use
Port 80 is already in use
Port 80 is already in use
Port 80 is already in use
Port 80 is already in use
Port 80 is already in use
Port 80 is already in use
Port 80 is already in use
Port 80 is already in use
Port 80 is already in use
Port 80 is already in use
Port 80 is already in use
Port 80 is already in use
Port 80 is already in use
Port 80 is already in use
Port 80 is already in use
Port 80 is already in use
Port 80 is already in use
Port 80 is already in use
Port 80 is already in use
Port 80 is already in use
Port 80 is already in use
Port 80 is already in use
Port 80 is already in use
Port 80 is already in use
Port 80 is already in use
Port 80 is already in use
Port 80 is already in use
Port 80 is already in use
Port 80 is already in use
Port 80 is already in use
Port 80 is already in use
Port 80 is already in use
Port 80 is already in use
Port 80 is already in use
Port 80 is already in use
Port 80 is already in use
Port 80 is already in use
Port 80 is already in use
Port 80 is already in use
Port 80 is already in use
Port 80 is already in use
Port 80 is already in use
Port 80 is already in use
Port 80 is already in use
Port 80 is already in use
Port 80 is already in use
Port 80 is already in use
Port 80 is already in use
Port 80 is already in use
Port 80 is already in use
Port 80 is already in use
Port 80 is already in use
Port 80 is already in use
Port 80 is already in use
Port 80 is already in use
Port 80 is already in use
Port 80 is already in use
Port 80 is already in use
Port 80 is already in use
Port 80 is already in use
Port 80 is already in use
Port 80 is already in use
Port 80 is already in use
Port 80 is already in use
Port 80 is already in use
Port 80 is already in use
Port 80 is already in use
Port 80 is already in use
Port 80 is already in use
Port 80 is already in use
Port 80 is already in use
Port 80 is already in use
Port 80 is already in use
Port 80 is already in use
Port 80 is already in use
Port 80 is already in use
Port 80 is already in use
Port 80 is already in use
Port 80 is already in use
Port 80 is already in use
Port 80 is already in use
Port 80 is already in use
Port 80 is already in use
Port 80 is already in use
Port 80 is already in use
Port 80 is already in use
Port 80 is already in use
Port 80 is already in use
Port 80 is already in use
Port 80 is already in use
Port 80 is already in use
Port 80 is already in use
Port 80 is already in use
Port 80 is already in use
Port 80 is already in use
Port 80 is already in use
Port 80 is already in use
Port 80 is already in use
Port 80 is already in use
Port 80 is already in use
Port 80 is already in use
Port 80 is already in use
Port 80 is already in use
Port 80 is already in use
Port 80 is already in use
Port 80 is already in use
Port 80 is already in use
Port 80 is already in use
Port 80 is already in use
Port 80 is already in use
Port 80 is already in use
Port 80 is already in use
Port 80 is already in use
Port 80 is already in use
Port 80 is already in use
Port 80 is already in use
Port 80 is already in use
Port 80 is already in use
Port 80 is already in use
Port 80 is already in use
Port 80 is already in use
Port 80 is already in use
Port 80 is already in use
Port 80 is already in use
Port 80 is already in use
Port 80 is already in use
Port 80 is already in use
Port 80 is already in use
Port 80 is already in use
Port 80 is already in use
Port 80 is already in use
Port 80 is already in use
Port 80 is already in use
Port 80 is already in use
Port 80 is already in use
Port 80 is already in use
Port 80 is already in use
Port 80 is already in use
Port 80 is already in use
Port 80 is already in use
Port 80 is already in use
Port 80 is already in use
Port 80 is already in use
Port 80 is already in use
Port 80 is already in use
Port 80 is already in use
Port 80 is already in use
Port 80 is already in use
Port 80 is already in use
Port 80 is already in use
Port 80 is already in use
Port 80 is already in use
Port 80 is already in use
Port 80 is already in use
Port 80 is already in use
Port 80 is already in use
Port 80 is already in use
Port 80 is already in use
Port 80 is already in use
Port 80 is already in use
Port 80 is already in use
Port 80 is already in use
Port 80 is already in use
Port 80 is already in use
Port 80 is already in use
Port 80 is already in use
Port 80 is already in use
Port 80 is already in use
Port 80 is already in use
Port 80 is already in use
Port 80 is already in use
Port 80 is already in use
Port 80 is already in use
Port 80 is already in use
Port 80 is already in use
node:internal/modules/cjs/loader:1137
  throw err;
  ^

Error: Cannot find module 'jsonwebtoken'
Require stack:
- /home/bitnami/Mean-App/app.js
- /home/bitnami/Mean-App/bin/www
    at Module._resolveFilename (node:internal/modules/cjs/loader:1134:15)
    at Module._load (node:internal/modules/cjs/loader:975:27)
    at Module.require (node:internal/modules/cjs/loader:1225:19)
    at require (node:internal/modules/helpers:177:18)
    at Object.<anonymous> (/home/bitnami/Mean-App/app.js:14:13)
    at Module._compile (node:internal/modules/cjs/loader:1356:14)
    at Module._extensions..js (node:internal/modules/cjs/loader:1414:10)
    at Module.load (node:internal/modules/cjs/loader:1197:32)
    at Module._load (node:internal/modules/cjs/loader:1013:12)
    at Module.require (node:internal/modules/cjs/loader:1225:19) {
  code: 'MODULE_NOT_FOUND',
  requireStack: [ '/home/bitnami/Mean-App/app.js', '/home/bitnami/Mean-App/bin/www' ]
}

Node.js v18.19.0
node:internal/modules/cjs/loader:1137
  throw err;
  ^

Error: Cannot find module 'jsonwebtoken'
Require stack:
- /home/bitnami/Mean-App/app.js
- /home/bitnami/Mean-App/bin/www
    at Module._resolveFilename (node:internal/modules/cjs/loader:1134:15)
    at Module._load (node:internal/modules/cjs/loader:975:27)
    at Module.require (node:internal/modules/cjs/loader:1225:19)
    at require (node:internal/modules/helpers:177:18)
    at Object.<anonymous> (/home/bitnami/Mean-App/app.js:14:13)
    at Module._compile (node:internal/modules/cjs/loader:1356:14)
    at Module._extensions..js (node:internal/modules/cjs/loader:1414:10)
    at Module.load (node:internal/modules/cjs/loader:1197:32)
    at Module._load (node:internal/modules/cjs/loader:1013:12)
    at Module.require (node:internal/modules/cjs/loader:1225:19) {
  code: 'MODULE_NOT_FOUND',
  requireStack: [ '/home/bitnami/Mean-App/app.js', '/home/bitnami/Mean-App/bin/www' ]
}

Node.js v18.19.0
node:internal/modules/cjs/loader:1137
  throw err;
  ^

Error: Cannot find module 'jsonwebtoken'
Require stack:
- /home/bitnami/Mean-App/app.js
- /home/bitnami/Mean-App/bin/www
    at Module._resolveFilename (node:internal/modules/cjs/loader:1134:15)
    at Module._load (node:internal/modules/cjs/loader:975:27)
    at Module.require (node:internal/modules/cjs/loader:1225:19)
    at require (node:internal/modules/helpers:177:18)
    at Object.<anonymous> (/home/bitnami/Mean-App/app.js:14:13)
    at Module._compile (node:internal/modules/cjs/loader:1356:14)
    at Module._extensions..js (node:internal/modules/cjs/loader:1414:10)
    at Module.load (node:internal/modules/cjs/loader:1197:32)
    at Module._load (node:internal/modules/cjs/loader:1013:12)
    at Module.require (node:internal/modules/cjs/loader:1225:19) {
  code: 'MODULE_NOT_FOUND',
  requireStack: [ '/home/bitnami/Mean-App/app.js', '/home/bitnami/Mean-App/bin/www' ]
}

Node.js v18.19.0
node:internal/modules/cjs/loader:1137
  throw err;
  ^

Error: Cannot find module 'jsonwebtoken'
Require stack:
- /home/bitnami/Mean-App/app.js
- /home/bitnami/Mean-App/bin/www
    at Module._resolveFilename (node:internal/modules/cjs/loader:1134:15)
    at Module._load (node:internal/modules/cjs/loader:975:27)
    at Module.require (node:internal/modules/cjs/loader:1225:19)
    at require (node:internal/modules/helpers:177:18)
    at Object.<anonymous> (/home/bitnami/Mean-App/app.js:14:13)
    at Module._compile (node:internal/modules/cjs/loader:1356:14)
    at Module._extensions..js (node:internal/modules/cjs/loader:1414:10)
    at Module.load (node:internal/modules/cjs/loader:1197:32)
    at Module._load (node:internal/modules/cjs/loader:1013:12)
    at Module.require (node:internal/modules/cjs/loader:1225:19) {
  code: 'MODULE_NOT_FOUND',
  requireStack: [ '/home/bitnami/Mean-App/app.js', '/home/bitnami/Mean-App/bin/www' ]
}

Node.js v18.19.0
node:internal/modules/cjs/loader:1137
  throw err;
  ^

Error: Cannot find module 'jsonwebtoken'
Require stack:
- /home/bitnami/Mean-App/app.js
- /home/bitnami/Mean-App/bin/www
    at Module._resolveFilename (node:internal/modules/cjs/loader:1134:15)
    at Module._load (node:internal/modules/cjs/loader:975:27)
    at Module.require (node:internal/modules/cjs/loader:1225:19)
    at require (node:internal/modules/helpers:177:18)
    at Object.<anonymous> (/home/bitnami/Mean-App/app.js:14:13)
    at Module._compile (node:internal/modules/cjs/loader:1356:14)
    at Module._extensions..js (node:internal/modules/cjs/loader:1414:10)
    at Module.load (node:internal/modules/cjs/loader:1197:32)
    at Module._load (node:internal/modules/cjs/loader:1013:12)
    at Module.require (node:internal/modules/cjs/loader:1225:19) {
  code: 'MODULE_NOT_FOUND',
  requireStack: [ '/home/bitnami/Mean-App/app.js', '/home/bitnami/Mean-App/bin/www' ]
}

Node.js v18.19.0
node:internal/modules/cjs/loader:1137
  throw err;
  ^

Error: Cannot find module 'jsonwebtoken'
Require stack:
- /home/bitnami/Mean-App/app.js
- /home/bitnami/Mean-App/bin/www
    at Module._resolveFilename (node:internal/modules/cjs/loader:1134:15)
    at Module._load (node:internal/modules/cjs/loader:975:27)
    at Module.require (node:internal/modules/cjs/loader:1225:19)
    at require (node:internal/modules/helpers:177:18)
    at Object.<anonymous> (/home/bitnami/Mean-App/app.js:14:13)
    at Module._compile (node:internal/modules/cjs/loader:1356:14)
    at Module._extensions..js (node:internal/modules/cjs/loader:1414:10)
    at Module.load (node:internal/modules/cjs/loader:1197:32)
    at Module._load (node:internal/modules/cjs/loader:1013:12)
    at Module.require (node:internal/modules/cjs/loader:1225:19) {
  code: 'MODULE_NOT_FOUND',
  requireStack: [ '/home/bitnami/Mean-App/app.js', '/home/bitnami/Mean-App/bin/www' ]
}

Node.js v18.19.0
node:internal/modules/cjs/loader:1137
  throw err;
  ^

Error: Cannot find module 'jsonwebtoken'
Require stack:
- /home/bitnami/Mean-App/app.js
- /home/bitnami/Mean-App/bin/www
    at Module._resolveFilename (node:internal/modules/cjs/loader:1134:15)
    at Module._load (node:internal/modules/cjs/loader:975:27)
    at Module.require (node:internal/modules/cjs/loader:1225:19)
    at require (node:internal/modules/helpers:177:18)
    at Object.<anonymous> (/home/bitnami/Mean-App/app.js:14:13)
    at Module._compile (node:internal/modules/cjs/loader:1356:14)
    at Module._extensions..js (node:internal/modules/cjs/loader:1414:10)
    at Module.load (node:internal/modules/cjs/loader:1197:32)
    at Module._load (node:internal/modules/cjs/loader:1013:12)
    at Module.require (node:internal/modules/cjs/loader:1225:19) {
  code: 'MODULE_NOT_FOUND',
  requireStack: [ '/home/bitnami/Mean-App/app.js', '/home/bitnami/Mean-App/bin/www' ]
}

Node.js v18.19.0
node:internal/modules/cjs/loader:1137
  throw err;
  ^

Error: Cannot find module 'jsonwebtoken'
Require stack:
- /home/bitnami/Mean-App/app.js
- /home/bitnami/Mean-App/bin/www
    at Module._resolveFilename (node:internal/modules/cjs/loader:1134:15)
    at Module._load (node:internal/modules/cjs/loader:975:27)
    at Module.require (node:internal/modules/cjs/loader:1225:19)
    at require (node:internal/modules/helpers:177:18)
    at Object.<anonymous> (/home/bitnami/Mean-App/app.js:14:13)
    at Module._compile (node:internal/modules/cjs/loader:1356:14)
    at Module._extensions..js (node:internal/modules/cjs/loader:1414:10)
    at Module.load (node:internal/modules/cjs/loader:1197:32)
    at Module._load (node:internal/modules/cjs/loader:1013:12)
    at Module.require (node:internal/modules/cjs/loader:1225:19) {
  code: 'MODULE_NOT_FOUND',
  requireStack: [ '/home/bitnami/Mean-App/app.js', '/home/bitnami/Mean-App/bin/www' ]
}

Node.js v18.19.0
node:internal/modules/cjs/loader:1137
  throw err;
  ^

Error: Cannot find module 'jsonwebtoken'
Require stack:
- /home/bitnami/Mean-App/app.js
- /home/bitnami/Mean-App/bin/www
    at Module._resolveFilename (node:internal/modules/cjs/loader:1134:15)
    at Module._load (node:internal/modules/cjs/loader:975:27)
    at Module.require (node:internal/modules/cjs/loader:1225:19)
    at require (node:internal/modules/helpers:177:18)
    at Object.<anonymous> (/home/bitnami/Mean-App/app.js:14:13)
    at Module._compile (node:internal/modules/cjs/loader:1356:14)
    at Module._extensions..js (node:internal/modules/cjs/loader:1414:10)
    at Module.load (node:internal/modules/cjs/loader:1197:32)
    at Module._load (node:internal/modules/cjs/loader:1013:12)
    at Module.require (node:internal/modules/cjs/loader:1225:19) {
  code: 'MODULE_NOT_FOUND',
  requireStack: [ '/home/bitnami/Mean-App/app.js', '/home/bitnami/Mean-App/bin/www' ]
}

Node.js v18.19.0
node:internal/modules/cjs/loader:1137
  throw err;
  ^

Error: Cannot find module 'jsonwebtoken'
Require stack:
- /home/bitnami/Mean-App/app.js
- /home/bitnami/Mean-App/bin/www
    at Module._resolveFilename (node:internal/modules/cjs/loader:1134:15)
    at Module._load (node:internal/modules/cjs/loader:975:27)
    at Module.require (node:internal/modules/cjs/loader:1225:19)
    at require (node:internal/modules/helpers:177:18)
    at Object.<anonymous> (/home/bitnami/Mean-App/app.js:14:13)
    at Module._compile (node:internal/modules/cjs/loader:1356:14)
    at Module._extensions..js (node:internal/modules/cjs/loader:1414:10)
    at Module.load (node:internal/modules/cjs/loader:1197:32)
    at Module._load (node:internal/modules/cjs/loader:1013:12)
    at Module.require (node:internal/modules/cjs/loader:1225:19) {
  code: 'MODULE_NOT_FOUND',
  requireStack: [ '/home/bitnami/Mean-App/app.js', '/home/bitnami/Mean-App/bin/www' ]
}

Node.js v18.19.0
node:internal/modules/cjs/loader:1137
  throw err;
  ^

Error: Cannot find module 'jsonwebtoken'
Require stack:
- /home/bitnami/Mean-App/app.js
- /home/bitnami/Mean-App/bin/www
    at Module._resolveFilename (node:internal/modules/cjs/loader:1134:15)
    at Module._load (node:internal/modules/cjs/loader:975:27)
    at Module.require (node:internal/modules/cjs/loader:1225:19)
    at require (node:internal/modules/helpers:177:18)
    at Object.<anonymous> (/home/bitnami/Mean-App/app.js:14:13)
    at Module._compile (node:internal/modules/cjs/loader:1356:14)
    at Module._extensions..js (node:internal/modules/cjs/loader:1414:10)
    at Module.load (node:internal/modules/cjs/loader:1197:32)
    at Module._load (node:internal/modules/cjs/loader:1013:12)
    at Module.require (node:internal/modules/cjs/loader:1225:19) {
  code: 'MODULE_NOT_FOUND',
  requireStack: [ '/home/bitnami/Mean-App/app.js', '/home/bitnami/Mean-App/bin/www' ]
}

Node.js v18.19.0
node:internal/modules/cjs/loader:1137
  throw err;
  ^

Error: Cannot find module 'jsonwebtoken'
Require stack:
- /home/bitnami/Mean-App/app.js
- /home/bitnami/Mean-App/bin/www
    at Module._resolveFilename (node:internal/modules/cjs/loader:1134:15)
    at Module._load (node:internal/modules/cjs/loader:975:27)
    at Module.require (node:internal/modules/cjs/loader:1225:19)
    at require (node:internal/modules/helpers:177:18)
    at Object.<anonymous> (/home/bitnami/Mean-App/app.js:14:13)
    at Module._compile (node:internal/modules/cjs/loader:1356:14)
    at Module._extensions..js (node:internal/modules/cjs/loader:1414:10)
    at Module.load (node:internal/modules/cjs/loader:1197:32)
    at Module._load (node:internal/modules/cjs/loader:1013:12)
    at Module.require (node:internal/modules/cjs/loader:1225:19) {
  code: 'MODULE_NOT_FOUND',
  requireStack: [ '/home/bitnami/Mean-App/app.js', '/home/bitnami/Mean-App/bin/www' ]
}

Node.js v18.19.0
node:internal/modules/cjs/loader:1137
  throw err;
  ^

Error: Cannot find module 'jsonwebtoken'
Require stack:
- /home/bitnami/Mean-App/app.js
- /home/bitnami/Mean-App/bin/www
    at Module._resolveFilename (node:internal/modules/cjs/loader:1134:15)
    at Module._load (node:internal/modules/cjs/loader:975:27)
    at Module.require (node:internal/modules/cjs/loader:1225:19)
    at require (node:internal/modules/helpers:177:18)
    at Object.<anonymous> (/home/bitnami/Mean-App/app.js:14:13)
    at Module._compile (node:internal/modules/cjs/loader:1356:14)
    at Module._extensions..js (node:internal/modules/cjs/loader:1414:10)
    at Module.load (node:internal/modules/cjs/loader:1197:32)
    at Module._load (node:internal/modules/cjs/loader:1013:12)
    at Module.require (node:internal/modules/cjs/loader:1225:19) {
  code: 'MODULE_NOT_FOUND',
  requireStack: [ '/home/bitnami/Mean-App/app.js', '/home/bitnami/Mean-App/bin/www' ]
}

Node.js v18.19.0
Port 80 is already in use
Port 80 is already in use
Port 80 is already in use
Port 80 is already in use
Port 80 is already in use
Port 80 is already in use
Port 80 is already in use
Port 80 is already in use
Port 80 is already in use
Port 80 is already in use
Port 80 is already in use
Port 80 is already in use
Port 80 is already in use
Port 80 is already in use
Port 80 is already in use
Port 80 is already in use
Port 80 is already in use
Port 80 is already in use
Port 80 is already in use
Port 80 is already in use
Port 80 is already in use
Port 80 is already in use
Port 80 is already in use
Port 80 is already in use
Port 80 is already in use
Port 80 is already in use
Port 80 is already in use
Port 80 is already in use
Port 80 is already in use
Port 80 is already in use
Port 80 is already in use
Port 80 is already in use
Port 80 is already in use
Port 80 is already in use
Port 80 is already in use
Port 80 is already in use
Error: No default engine was specified and no extension was provided.
    at new View (/home/bitnami/Mean-App/node_modules/express/lib/view.js:61:11)
    at Function.render (/home/bitnami/Mean-App/node_modules/express/lib/application.js:587:12)
    at ServerResponse.render (/home/bitnami/Mean-App/node_modules/express/lib/response.js:1039:7)
    at /home/bitnami/Mean-App/app.js:96:7
    at Layer.handle_error (/home/bitnami/Mean-App/node_modules/express/lib/router/layer.js:71:5)
    at trim_prefix (/home/bitnami/Mean-App/node_modules/express/lib/router/index.js:326:13)
    at /home/bitnami/Mean-App/node_modules/express/lib/router/index.js:286:9
    at Function.process_params (/home/bitnami/Mean-App/node_modules/express/lib/router/index.js:346:12)
    at next (/home/bitnami/Mean-App/node_modules/express/lib/router/index.js:280:10)
    at /home/bitnami/Mean-App/app.js:85:3
Error: No default engine was specified and no extension was provided.
    at new View (/home/bitnami/Mean-App/node_modules/express/lib/view.js:61:11)
    at Function.render (/home/bitnami/Mean-App/node_modules/express/lib/application.js:587:12)
    at ServerResponse.render (/home/bitnami/Mean-App/node_modules/express/lib/response.js:1039:7)
    at /home/bitnami/Mean-App/app.js:96:7
    at Layer.handle_error (/home/bitnami/Mean-App/node_modules/express/lib/router/layer.js:71:5)
    at trim_prefix (/home/bitnami/Mean-App/node_modules/express/lib/router/index.js:326:13)
    at /home/bitnami/Mean-App/node_modules/express/lib/router/index.js:286:9
    at Function.process_params (/home/bitnami/Mean-App/node_modules/express/lib/router/index.js:346:12)
    at next (/home/bitnami/Mean-App/node_modules/express/lib/router/index.js:280:10)
    at /home/bitnami/Mean-App/app.js:85:3
Error: No default engine was specified and no extension was provided.
    at new View (/home/bitnami/Mean-App/node_modules/express/lib/view.js:61:11)
    at Function.render (/home/bitnami/Mean-App/node_modules/express/lib/application.js:587:12)
    at ServerResponse.render (/home/bitnami/Mean-App/node_modules/express/lib/response.js:1039:7)
    at /home/bitnami/Mean-App/app.js:96:7
    at Layer.handle_error (/home/bitnami/Mean-App/node_modules/express/lib/router/layer.js:71:5)
    at trim_prefix (/home/bitnami/Mean-App/node_modules/express/lib/router/index.js:326:13)
    at /home/bitnami/Mean-App/node_modules/express/lib/router/index.js:286:9
    at Function.process_params (/home/bitnami/Mean-App/node_modules/express/lib/router/index.js:346:12)
    at next (/home/bitnami/Mean-App/node_modules/express/lib/router/index.js:280:10)
    at /home/bitnami/Mean-App/app.js:85:3
Error: No default engine was specified and no extension was provided.
    at new View (/home/bitnami/Mean-App/node_modules/express/lib/view.js:61:11)
    at Function.render (/home/bitnami/Mean-App/node_modules/express/lib/application.js:587:12)
    at ServerResponse.render (/home/bitnami/Mean-App/node_modules/express/lib/response.js:1039:7)
    at /home/bitnami/Mean-App/app.js:96:7
    at Layer.handle_error (/home/bitnami/Mean-App/node_modules/express/lib/router/layer.js:71:5)
    at trim_prefix (/home/bitnami/Mean-App/node_modules/express/lib/router/index.js:326:13)
    at /home/bitnami/Mean-App/node_modules/express/lib/router/index.js:286:9
    at Function.process_params (/home/bitnami/Mean-App/node_modules/express/lib/router/index.js:346:12)
    at next (/home/bitnami/Mean-App/node_modules/express/lib/router/index.js:280:10)
    at /home/bitnami/Mean-App/app.js:85:3
Error: No default engine was specified and no extension was provided.
    at new View (/home/bitnami/Mean-App/node_modules/express/lib/view.js:61:11)
    at Function.render (/home/bitnami/Mean-App/node_modules/express/lib/application.js:587:12)
    at ServerResponse.render (/home/bitnami/Mean-App/node_modules/express/lib/response.js:1039:7)
    at /home/bitnami/Mean-App/app.js:96:7
    at Layer.handle_error (/home/bitnami/Mean-App/node_modules/express/lib/router/layer.js:71:5)
    at trim_prefix (/home/bitnami/Mean-App/node_modules/express/lib/router/index.js:326:13)
    at /home/bitnami/Mean-App/node_modules/express/lib/router/index.js:286:9
    at Function.process_params (/home/bitnami/Mean-App/node_modules/express/lib/router/index.js:346:12)
    at next (/home/bitnami/Mean-App/node_modules/express/lib/router/index.js:280:10)
    at /home/bitnami/Mean-App/app.js:85:3
Error: No default engine was specified and no extension was provided.
    at new View (/home/bitnami/Mean-App/node_modules/express/lib/view.js:61:11)
    at Function.render (/home/bitnami/Mean-App/node_modules/express/lib/application.js:587:12)
    at ServerResponse.render (/home/bitnami/Mean-App/node_modules/express/lib/response.js:1039:7)
    at /home/bitnami/Mean-App/app.js:96:7
    at Layer.handle_error (/home/bitnami/Mean-App/node_modules/express/lib/router/layer.js:71:5)
    at trim_prefix (/home/bitnami/Mean-App/node_modules/express/lib/router/index.js:326:13)
    at /home/bitnami/Mean-App/node_modules/express/lib/router/index.js:286:9
    at Function.process_params (/home/bitnami/Mean-App/node_modules/express/lib/router/index.js:346:12)
    at next (/home/bitnami/Mean-App/node_modules/express/lib/router/index.js:280:10)
    at /home/bitnami/Mean-App/app.js:85:3
Error: No default engine was specified and no extension was provided.
    at new View (/home/bitnami/Mean-App/node_modules/express/lib/view.js:61:11)
    at Function.render (/home/bitnami/Mean-App/node_modules/express/lib/application.js:587:12)
    at ServerResponse.render (/home/bitnami/Mean-App/node_modules/express/lib/response.js:1039:7)
    at /home/bitnami/Mean-App/app.js:96:7
    at Layer.handle_error (/home/bitnami/Mean-App/node_modules/express/lib/router/layer.js:71:5)
    at trim_prefix (/home/bitnami/Mean-App/node_modules/express/lib/router/index.js:326:13)
    at /home/bitnami/Mean-App/node_modules/express/lib/router/index.js:286:9
    at Function.process_params (/home/bitnami/Mean-App/node_modules/express/lib/router/index.js:346:12)
    at next (/home/bitnami/Mean-App/node_modules/express/lib/router/index.js:280:10)
    at /home/bitnami/Mean-App/app.js:85:3
Error: No default engine was specified and no extension was provided.
    at new View (/home/bitnami/Mean-App/node_modules/express/lib/view.js:61:11)
    at Function.render (/home/bitnami/Mean-App/node_modules/express/lib/application.js:587:12)
    at ServerResponse.render (/home/bitnami/Mean-App/node_modules/express/lib/response.js:1039:7)
    at /home/bitnami/Mean-App/app.js:96:7
    at Layer.handle_error (/home/bitnami/Mean-App/node_modules/express/lib/router/layer.js:71:5)
    at trim_prefix (/home/bitnami/Mean-App/node_modules/express/lib/router/index.js:326:13)
    at /home/bitnami/Mean-App/node_modules/express/lib/router/index.js:286:9
    at Function.process_params (/home/bitnami/Mean-App/node_modules/express/lib/router/index.js:346:12)
    at next (/home/bitnami/Mean-App/node_modules/express/lib/router/index.js:280:10)
    at /home/bitnami/Mean-App/app.js:85:3
Error: No default engine was specified and no extension was provided.
    at new View (/home/bitnami/Mean-App/node_modules/express/lib/view.js:61:11)
    at Function.render (/home/bitnami/Mean-App/node_modules/express/lib/application.js:587:12)
    at ServerResponse.render (/home/bitnami/Mean-App/node_modules/express/lib/response.js:1039:7)
    at /home/bitnami/Mean-App/app.js:96:7
    at Layer.handle_error (/home/bitnami/Mean-App/node_modules/express/lib/router/layer.js:71:5)
    at trim_prefix (/home/bitnami/Mean-App/node_modules/express/lib/router/index.js:326:13)
    at /home/bitnami/Mean-App/node_modules/express/lib/router/index.js:286:9
    at Function.process_params (/home/bitnami/Mean-App/node_modules/express/lib/router/index.js:346:12)
    at next (/home/bitnami/Mean-App/node_modules/express/lib/router/index.js:280:10)
    at /home/bitnami/Mean-App/app.js:85:3
Error: No default engine was specified and no extension was provided.
    at new View (/home/bitnami/Mean-App/node_modules/express/lib/view.js:61:11)
    at Function.render (/home/bitnami/Mean-App/node_modules/express/lib/application.js:587:12)
    at ServerResponse.render (/home/bitnami/Mean-App/node_modules/express/lib/response.js:1039:7)
    at /home/bitnami/Mean-App/app.js:96:7
    at Layer.handle_error (/home/bitnami/Mean-App/node_modules/express/lib/router/layer.js:71:5)
    at trim_prefix (/home/bitnami/Mean-App/node_modules/express/lib/router/index.js:326:13)
    at /home/bitnami/Mean-App/node_modules/express/lib/router/index.js:286:9
    at Function.process_params (/home/bitnami/Mean-App/node_modules/express/lib/router/index.js:346:12)
    at next (/home/bitnami/Mean-App/node_modules/express/lib/router/index.js:280:10)
    at /home/bitnami/Mean-App/app.js:85:3
Error: No default engine was specified and no extension was provided.
    at new View (/home/bitnami/Mean-App/node_modules/express/lib/view.js:61:11)
    at Function.render (/home/bitnami/Mean-App/node_modules/express/lib/application.js:587:12)
    at ServerResponse.render (/home/bitnami/Mean-App/node_modules/express/lib/response.js:1039:7)
    at /home/bitnami/Mean-App/app.js:96:7
    at Layer.handle_error (/home/bitnami/Mean-App/node_modules/express/lib/router/layer.js:71:5)
    at trim_prefix (/home/bitnami/Mean-App/node_modules/express/lib/router/index.js:326:13)
    at /home/bitnami/Mean-App/node_modules/express/lib/router/index.js:286:9
    at Function.process_params (/home/bitnami/Mean-App/node_modules/express/lib/router/index.js:346:12)
    at next (/home/bitnami/Mean-App/node_modules/express/lib/router/index.js:280:10)
    at /home/bitnami/Mean-App/app.js:85:3
Error: No default engine was specified and no extension was provided.
    at new View (/home/bitnami/Mean-App/node_modules/express/lib/view.js:61:11)
    at Function.render (/home/bitnami/Mean-App/node_modules/express/lib/application.js:587:12)
    at ServerResponse.render (/home/bitnami/Mean-App/node_modules/express/lib/response.js:1039:7)
    at /home/bitnami/Mean-App/app.js:96:7
    at Layer.handle_error (/home/bitnami/Mean-App/node_modules/express/lib/router/layer.js:71:5)
    at trim_prefix (/home/bitnami/Mean-App/node_modules/express/lib/router/index.js:326:13)
    at /home/bitnami/Mean-App/node_modules/express/lib/router/index.js:286:9
    at Function.process_params (/home/bitnami/Mean-App/node_modules/express/lib/router/index.js:346:12)
    at next (/home/bitnami/Mean-App/node_modules/express/lib/router/index.js:280:10)
    at /home/bitnami/Mean-App/app.js:85:3
Error: No default engine was specified and no extension was provided.
    at new View (/home/bitnami/Mean-App/node_modules/express/lib/view.js:61:11)
    at Function.render (/home/bitnami/Mean-App/node_modules/express/lib/application.js:587:12)
    at ServerResponse.render (/home/bitnami/Mean-App/node_modules/express/lib/response.js:1039:7)
    at /home/bitnami/Mean-App/app.js:96:7
    at Layer.handle_error (/home/bitnami/Mean-App/node_modules/express/lib/router/layer.js:71:5)
    at trim_prefix (/home/bitnami/Mean-App/node_modules/express/lib/router/index.js:326:13)
    at /home/bitnami/Mean-App/node_modules/express/lib/router/index.js:286:9
    at Function.process_params (/home/bitnami/Mean-App/node_modules/express/lib/router/index.js:346:12)
    at next (/home/bitnami/Mean-App/node_modules/express/lib/router/index.js:280:10)
    at /home/bitnami/Mean-App/app.js:85:3
Error: No default engine was specified and no extension was provided.
    at new View (/home/bitnami/Mean-App/node_modules/express/lib/view.js:61:11)
    at Function.render (/home/bitnami/Mean-App/node_modules/express/lib/application.js:587:12)
    at ServerResponse.render (/home/bitnami/Mean-App/node_modules/express/lib/response.js:1039:7)
    at /home/bitnami/Mean-App/app.js:96:7
    at Layer.handle_error (/home/bitnami/Mean-App/node_modules/express/lib/router/layer.js:71:5)
    at trim_prefix (/home/bitnami/Mean-App/node_modules/express/lib/router/index.js:326:13)
    at /home/bitnami/Mean-App/node_modules/express/lib/router/index.js:286:9
    at Function.process_params (/home/bitnami/Mean-App/node_modules/express/lib/router/index.js:346:12)
    at next (/home/bitnami/Mean-App/node_modules/express/lib/router/index.js:280:10)
    at /home/bitnami/Mean-App/app.js:85:3
Error: No default engine was specified and no extension was provided.
    at new View (/home/bitnami/Mean-App/node_modules/express/lib/view.js:61:11)
    at Function.render (/home/bitnami/Mean-App/node_modules/express/lib/application.js:587:12)
    at ServerResponse.render (/home/bitnami/Mean-App/node_modules/express/lib/response.js:1039:7)
    at /home/bitnami/Mean-App/app.js:96:7
    at Layer.handle_error (/home/bitnami/Mean-App/node_modules/express/lib/router/layer.js:71:5)
    at trim_prefix (/home/bitnami/Mean-App/node_modules/express/lib/router/index.js:326:13)
    at /home/bitnami/Mean-App/node_modules/express/lib/router/index.js:286:9
    at Function.process_params (/home/bitnami/Mean-App/node_modules/express/lib/router/index.js:346:12)
    at next (/home/bitnami/Mean-App/node_modules/express/lib/router/index.js:280:10)
    at /home/bitnami/Mean-App/app.js:85:3
Error: No default engine was specified and no extension was provided.
    at new View (/home/bitnami/Mean-App/node_modules/express/lib/view.js:61:11)
    at Function.render (/home/bitnami/Mean-App/node_modules/express/lib/application.js:587:12)
    at ServerResponse.render (/home/bitnami/Mean-App/node_modules/express/lib/response.js:1039:7)
    at /home/bitnami/Mean-App/app.js:96:7
    at Layer.handle_error (/home/bitnami/Mean-App/node_modules/express/lib/router/layer.js:71:5)
    at trim_prefix (/home/bitnami/Mean-App/node_modules/express/lib/router/index.js:326:13)
    at /home/bitnami/Mean-App/node_modules/express/lib/router/index.js:286:9
    at Function.process_params (/home/bitnami/Mean-App/node_modules/express/lib/router/index.js:346:12)
    at next (/home/bitnami/Mean-App/node_modules/express/lib/router/index.js:280:10)
    at /home/bitnami/Mean-App/app.js:85:3
Error: No default engine was specified and no extension was provided.
    at new View (/home/bitnami/Mean-App/node_modules/express/lib/view.js:61:11)
    at Function.render (/home/bitnami/Mean-App/node_modules/express/lib/application.js:587:12)
    at ServerResponse.render (/home/bitnami/Mean-App/node_modules/express/lib/response.js:1039:7)
    at /home/bitnami/Mean-App/app.js:96:7
    at Layer.handle_error (/home/bitnami/Mean-App/node_modules/express/lib/router/layer.js:71:5)
    at trim_prefix (/home/bitnami/Mean-App/node_modules/express/lib/router/index.js:326:13)
    at /home/bitnami/Mean-App/node_modules/express/lib/router/index.js:286:9
    at Function.process_params (/home/bitnami/Mean-App/node_modules/express/lib/router/index.js:346:12)
    at next (/home/bitnami/Mean-App/node_modules/express/lib/router/index.js:280:10)
    at /home/bitnami/Mean-App/app.js:85:3
Error: No default engine was specified and no extension was provided.
    at new View (/home/bitnami/Mean-App/node_modules/express/lib/view.js:61:11)
    at Function.render (/home/bitnami/Mean-App/node_modules/express/lib/application.js:587:12)
    at ServerResponse.render (/home/bitnami/Mean-App/node_modules/express/lib/response.js:1039:7)
    at /home/bitnami/Mean-App/app.js:96:7
    at Layer.handle_error (/home/bitnami/Mean-App/node_modules/express/lib/router/layer.js:71:5)
    at trim_prefix (/home/bitnami/Mean-App/node_modules/express/lib/router/index.js:326:13)
    at /home/bitnami/Mean-App/node_modules/express/lib/router/index.js:286:9
    at Function.process_params (/home/bitnami/Mean-App/node_modules/express/lib/router/index.js:346:12)
    at next (/home/bitnami/Mean-App/node_modules/express/lib/router/index.js:280:10)
    at /home/bitnami/Mean-App/app.js:85:3
Error: No default engine was specified and no extension was provided.
    at new View (/home/bitnami/Mean-App/node_modules/express/lib/view.js:61:11)
    at Function.render (/home/bitnami/Mean-App/node_modules/express/lib/application.js:587:12)
    at ServerResponse.render (/home/bitnami/Mean-App/node_modules/express/lib/response.js:1039:7)
    at /home/bitnami/Mean-App/app.js:96:7
    at Layer.handle_error (/home/bitnami/Mean-App/node_modules/express/lib/router/layer.js:71:5)
    at trim_prefix (/home/bitnami/Mean-App/node_modules/express/lib/router/index.js:326:13)
    at /home/bitnami/Mean-App/node_modules/express/lib/router/index.js:286:9
    at Function.process_params (/home/bitnami/Mean-App/node_modules/express/lib/router/index.js:346:12)
    at next (/home/bitnami/Mean-App/node_modules/express/lib/router/index.js:280:10)
    at /home/bitnami/Mean-App/app.js:85:3
Error: No default engine was specified and no extension was provided.
    at new View (/home/bitnami/Mean-App/node_modules/express/lib/view.js:61:11)
    at Function.render (/home/bitnami/Mean-App/node_modules/express/lib/application.js:587:12)
    at ServerResponse.render (/home/bitnami/Mean-App/node_modules/express/lib/response.js:1039:7)
    at /home/bitnami/Mean-App/app.js:96:7
    at Layer.handle_error (/home/bitnami/Mean-App/node_modules/express/lib/router/layer.js:71:5)
    at trim_prefix (/home/bitnami/Mean-App/node_modules/express/lib/router/index.js:326:13)
    at /home/bitnami/Mean-App/node_modules/express/lib/router/index.js:286:9
    at Function.process_params (/home/bitnami/Mean-App/node_modules/express/lib/router/index.js:346:12)
    at next (/home/bitnami/Mean-App/node_modules/express/lib/router/index.js:280:10)
    at /home/bitnami/Mean-App/app.js:85:3
Error: No default engine was specified and no extension was provided.
    at new View (/home/bitnami/Mean-App/node_modules/express/lib/view.js:61:11)
    at Function.render (/home/bitnami/Mean-App/node_modules/express/lib/application.js:587:12)
    at ServerResponse.render (/home/bitnami/Mean-App/node_modules/express/lib/response.js:1039:7)
    at /home/bitnami/Mean-App/app.js:96:7
    at Layer.handle_error (/home/bitnami/Mean-App/node_modules/express/lib/router/layer.js:71:5)
    at trim_prefix (/home/bitnami/Mean-App/node_modules/express/lib/router/index.js:326:13)
    at /home/bitnami/Mean-App/node_modules/express/lib/router/index.js:286:9
    at Function.process_params (/home/bitnami/Mean-App/node_modules/express/lib/router/index.js:346:12)
    at next (/home/bitnami/Mean-App/node_modules/express/lib/router/index.js:280:10)
    at /home/bitnami/Mean-App/app.js:85:3
Error: No default engine was specified and no extension was provided.
    at new View (/home/bitnami/Mean-App/node_modules/express/lib/view.js:61:11)
    at Function.render (/home/bitnami/Mean-App/node_modules/express/lib/application.js:587:12)
    at ServerResponse.render (/home/bitnami/Mean-App/node_modules/express/lib/response.js:1039:7)
    at /home/bitnami/Mean-App/app.js:96:7
    at Layer.handle_error (/home/bitnami/Mean-App/node_modules/express/lib/router/layer.js:71:5)
    at trim_prefix (/home/bitnami/Mean-App/node_modules/express/lib/router/index.js:326:13)
    at /home/bitnami/Mean-App/node_modules/express/lib/router/index.js:286:9
    at Function.process_params (/home/bitnami/Mean-App/node_modules/express/lib/router/index.js:346:12)
    at next (/home/bitnami/Mean-App/node_modules/express/lib/router/index.js:280:10)
    at /home/bitnami/Mean-App/app.js:85:3
Error: No default engine was specified and no extension was provided.
    at new View (/home/bitnami/Mean-App/node_modules/express/lib/view.js:61:11)
    at Function.render (/home/bitnami/Mean-App/node_modules/express/lib/application.js:587:12)
    at ServerResponse.render (/home/bitnami/Mean-App/node_modules/express/lib/response.js:1039:7)
    at /home/bitnami/Mean-App/app.js:96:7
    at Layer.handle_error (/home/bitnami/Mean-App/node_modules/express/lib/router/layer.js:71:5)
    at trim_prefix (/home/bitnami/Mean-App/node_modules/express/lib/router/index.js:326:13)
    at /home/bitnami/Mean-App/node_modules/express/lib/router/index.js:286:9
    at Function.process_params (/home/bitnami/Mean-App/node_modules/express/lib/router/index.js:346:12)
    at next (/home/bitnami/Mean-App/node_modules/express/lib/router/index.js:280:10)
    at /home/bitnami/Mean-App/app.js:85:3
Error: No default engine was specified and no extension was provided.
    at new View (/home/bitnami/Mean-App/node_modules/express/lib/view.js:61:11)
    at Function.render (/home/bitnami/Mean-App/node_modules/express/lib/application.js:587:12)
    at ServerResponse.render (/home/bitnami/Mean-App/node_modules/express/lib/response.js:1039:7)
    at /home/bitnami/Mean-App/app.js:96:7
    at Layer.handle_error (/home/bitnami/Mean-App/node_modules/express/lib/router/layer.js:71:5)
    at trim_prefix (/home/bitnami/Mean-App/node_modules/express/lib/router/index.js:326:13)
    at /home/bitnami/Mean-App/node_modules/express/lib/router/index.js:286:9
    at Function.process_params (/home/bitnami/Mean-App/node_modules/express/lib/router/index.js:346:12)
    at next (/home/bitnami/Mean-App/node_modules/express/lib/router/index.js:280:10)
    at /home/bitnami/Mean-App/app.js:85:3
Error: No default engine was specified and no extension was provided.
    at new View (/home/bitnami/Mean-App/node_modules/express/lib/view.js:61:11)
    at Function.render (/home/bitnami/Mean-App/node_modules/express/lib/application.js:587:12)
    at ServerResponse.render (/home/bitnami/Mean-App/node_modules/express/lib/response.js:1039:7)
    at /home/bitnami/Mean-App/app.js:96:7
    at Layer.handle_error (/home/bitnami/Mean-App/node_modules/express/lib/router/layer.js:71:5)
    at trim_prefix (/home/bitnami/Mean-App/node_modules/express/lib/router/index.js:326:13)
    at /home/bitnami/Mean-App/node_modules/express/lib/router/index.js:286:9
    at Function.process_params (/home/bitnami/Mean-App/node_modules/express/lib/router/index.js:346:12)
    at next (/home/bitnami/Mean-App/node_modules/express/lib/router/index.js:280:10)
    at /home/bitnami/Mean-App/app.js:85:3
Error: No default engine was specified and no extension was provided.
    at new View (/home/bitnami/Mean-App/node_modules/express/lib/view.js:61:11)
    at Function.render (/home/bitnami/Mean-App/node_modules/express/lib/application.js:587:12)
    at ServerResponse.render (/home/bitnami/Mean-App/node_modules/express/lib/response.js:1039:7)
    at /home/bitnami/Mean-App/app.js:96:7
    at Layer.handle_error (/home/bitnami/Mean-App/node_modules/express/lib/router/layer.js:71:5)
    at trim_prefix (/home/bitnami/Mean-App/node_modules/express/lib/router/index.js:326:13)
    at /home/bitnami/Mean-App/node_modules/express/lib/router/index.js:286:9
    at Function.process_params (/home/bitnami/Mean-App/node_modules/express/lib/router/index.js:346:12)
    at next (/home/bitnami/Mean-App/node_modules/express/lib/router/index.js:280:10)
    at Layer.handle_error (/home/bitnami/Mean-App/node_modules/express/lib/router/layer.js:67:12)
Error: No default engine was specified and no extension was provided.
    at new View (/home/bitnami/Mean-App/node_modules/express/lib/view.js:61:11)
    at Function.render (/home/bitnami/Mean-App/node_modules/express/lib/application.js:587:12)
    at ServerResponse.render (/home/bitnami/Mean-App/node_modules/express/lib/response.js:1039:7)
    at /home/bitnami/Mean-App/app.js:96:7
    at Layer.handle_error (/home/bitnami/Mean-App/node_modules/express/lib/router/layer.js:71:5)
    at trim_prefix (/home/bitnami/Mean-App/node_modules/express/lib/router/index.js:326:13)
    at /home/bitnami/Mean-App/node_modules/express/lib/router/index.js:286:9
    at Function.process_params (/home/bitnami/Mean-App/node_modules/express/lib/router/index.js:346:12)
    at next (/home/bitnami/Mean-App/node_modules/express/lib/router/index.js:280:10)
    at /home/bitnami/Mean-App/app.js:85:3
Error: No default engine was specified and no extension was provided.
    at new View (/home/bitnami/Mean-App/node_modules/express/lib/view.js:61:11)
    at Function.render (/home/bitnami/Mean-App/node_modules/express/lib/application.js:587:12)
    at ServerResponse.render (/home/bitnami/Mean-App/node_modules/express/lib/response.js:1039:7)
    at /home/bitnami/Mean-App/app.js:96:7
    at Layer.handle_error (/home/bitnami/Mean-App/node_modules/express/lib/router/layer.js:71:5)
    at trim_prefix (/home/bitnami/Mean-App/node_modules/express/lib/router/index.js:326:13)
    at /home/bitnami/Mean-App/node_modules/express/lib/router/index.js:286:9
    at Function.process_params (/home/bitnami/Mean-App/node_modules/express/lib/router/index.js:346:12)
    at next (/home/bitnami/Mean-App/node_modules/express/lib/router/index.js:280:10)
    at /home/bitnami/Mean-App/app.js:85:3
Error: No default engine was specified and no extension was provided.
    at new View (/home/bitnami/Mean-App/node_modules/express/lib/view.js:61:11)
    at Function.render (/home/bitnami/Mean-App/node_modules/express/lib/application.js:587:12)
    at ServerResponse.render (/home/bitnami/Mean-App/node_modules/express/lib/response.js:1039:7)
    at /home/bitnami/Mean-App/app.js:96:7
    at Layer.handle_error (/home/bitnami/Mean-App/node_modules/express/lib/router/layer.js:71:5)
    at trim_prefix (/home/bitnami/Mean-App/node_modules/express/lib/router/index.js:326:13)
    at /home/bitnami/Mean-App/node_modules/express/lib/router/index.js:286:9
    at Function.process_params (/home/bitnami/Mean-App/node_modules/express/lib/router/index.js:346:12)
    at next (/home/bitnami/Mean-App/node_modules/express/lib/router/index.js:280:10)
    at /home/bitnami/Mean-App/app.js:85:3
Error: No default engine was specified and no extension was provided.
    at new View (/home/bitnami/Mean-App/node_modules/express/lib/view.js:61:11)
    at Function.render (/home/bitnami/Mean-App/node_modules/express/lib/application.js:587:12)
    at ServerResponse.render (/home/bitnami/Mean-App/node_modules/express/lib/response.js:1039:7)
    at /home/bitnami/Mean-App/app.js:96:7
    at Layer.handle_error (/home/bitnami/Mean-App/node_modules/express/lib/router/layer.js:71:5)
    at trim_prefix (/home/bitnami/Mean-App/node_modules/express/lib/router/index.js:326:13)
    at /home/bitnami/Mean-App/node_modules/express/lib/router/index.js:286:9
    at Function.process_params (/home/bitnami/Mean-App/node_modules/express/lib/router/index.js:346:12)
    at next (/home/bitnami/Mean-App/node_modules/express/lib/router/index.js:280:10)
    at /home/bitnami/Mean-App/app.js:85:3
Error: No default engine was specified and no extension was provided.
    at new View (/home/bitnami/Mean-App/node_modules/express/lib/view.js:61:11)
    at Function.render (/home/bitnami/Mean-App/node_modules/express/lib/application.js:587:12)
    at ServerResponse.render (/home/bitnami/Mean-App/node_modules/express/lib/response.js:1039:7)
    at /home/bitnami/Mean-App/app.js:96:7
    at Layer.handle_error (/home/bitnami/Mean-App/node_modules/express/lib/router/layer.js:71:5)
    at trim_prefix (/home/bitnami/Mean-App/node_modules/express/lib/router/index.js:326:13)
    at /home/bitnami/Mean-App/node_modules/express/lib/router/index.js:286:9
    at Function.process_params (/home/bitnami/Mean-App/node_modules/express/lib/router/index.js:346:12)
    at next (/home/bitnami/Mean-App/node_modules/express/lib/router/index.js:280:10)
    at /home/bitnami/Mean-App/app.js:85:3
Error: No default engine was specified and no extension was provided.
    at new View (/home/bitnami/Mean-App/node_modules/express/lib/view.js:61:11)
    at Function.render (/home/bitnami/Mean-App/node_modules/express/lib/application.js:587:12)
    at ServerResponse.render (/home/bitnami/Mean-App/node_modules/express/lib/response.js:1039:7)
    at /home/bitnami/Mean-App/app.js:96:7
    at Layer.handle_error (/home/bitnami/Mean-App/node_modules/express/lib/router/layer.js:71:5)
    at trim_prefix (/home/bitnami/Mean-App/node_modules/express/lib/router/index.js:326:13)
    at /home/bitnami/Mean-App/node_modules/express/lib/router/index.js:286:9
    at Function.process_params (/home/bitnami/Mean-App/node_modules/express/lib/router/index.js:346:12)
    at next (/home/bitnami/Mean-App/node_modules/express/lib/router/index.js:280:10)
    at /home/bitnami/Mean-App/app.js:85:3
Error: No default engine was specified and no extension was provided.
    at new View (/home/bitnami/Mean-App/node_modules/express/lib/view.js:61:11)
    at Function.render (/home/bitnami/Mean-App/node_modules/express/lib/application.js:587:12)
    at ServerResponse.render (/home/bitnami/Mean-App/node_modules/express/lib/response.js:1039:7)
    at /home/bitnami/Mean-App/app.js:96:7
    at Layer.handle_error (/home/bitnami/Mean-App/node_modules/express/lib/router/layer.js:71:5)
    at trim_prefix (/home/bitnami/Mean-App/node_modules/express/lib/router/index.js:326:13)
    at /home/bitnami/Mean-App/node_modules/express/lib/router/index.js:286:9
    at Function.process_params (/home/bitnami/Mean-App/node_modules/express/lib/router/index.js:346:12)
    at next (/home/bitnami/Mean-App/node_modules/express/lib/router/index.js:280:10)
    at /home/bitnami/Mean-App/app.js:85:3
Error: No default engine was specified and no extension was provided.
    at new View (/home/bitnami/Mean-App/node_modules/express/lib/view.js:61:11)
    at Function.render (/home/bitnami/Mean-App/node_modules/express/lib/application.js:587:12)
    at ServerResponse.render (/home/bitnami/Mean-App/node_modules/express/lib/response.js:1039:7)
    at /home/bitnami/Mean-App/app.js:96:7
    at Layer.handle_error (/home/bitnami/Mean-App/node_modules/express/lib/router/layer.js:71:5)
    at trim_prefix (/home/bitnami/Mean-App/node_modules/express/lib/router/index.js:326:13)
    at /home/bitnami/Mean-App/node_modules/express/lib/router/index.js:286:9
    at Function.process_params (/home/bitnami/Mean-App/node_modules/express/lib/router/index.js:346:12)
    at next (/home/bitnami/Mean-App/node_modules/express/lib/router/index.js:280:10)
    at /home/bitnami/Mean-App/app.js:85:3
Error: No default engine was specified and no extension was provided.
    at new View (/home/bitnami/Mean-App/node_modules/express/lib/view.js:61:11)
    at Function.render (/home/bitnami/Mean-App/node_modules/express/lib/application.js:587:12)
    at ServerResponse.render (/home/bitnami/Mean-App/node_modules/express/lib/response.js:1039:7)
    at /home/bitnami/Mean-App/app.js:96:7
    at Layer.handle_error (/home/bitnami/Mean-App/node_modules/express/lib/router/layer.js:71:5)
    at trim_prefix (/home/bitnami/Mean-App/node_modules/express/lib/router/index.js:326:13)
    at /home/bitnami/Mean-App/node_modules/express/lib/router/index.js:286:9
    at Function.process_params (/home/bitnami/Mean-App/node_modules/express/lib/router/index.js:346:12)
    at next (/home/bitnami/Mean-App/node_modules/express/lib/router/index.js:280:10)
    at /home/bitnami/Mean-App/app.js:85:3
Error: No default engine was specified and no extension was provided.
    at new View (/home/bitnami/Mean-App/node_modules/express/lib/view.js:61:11)
    at Function.render (/home/bitnami/Mean-App/node_modules/express/lib/application.js:587:12)
    at ServerResponse.render (/home/bitnami/Mean-App/node_modules/express/lib/response.js:1039:7)
    at /home/bitnami/Mean-App/app.js:96:7
    at Layer.handle_error (/home/bitnami/Mean-App/node_modules/express/lib/router/layer.js:71:5)
    at trim_prefix (/home/bitnami/Mean-App/node_modules/express/lib/router/index.js:326:13)
    at /home/bitnami/Mean-App/node_modules/express/lib/router/index.js:286:9
    at Function.process_params (/home/bitnami/Mean-App/node_modules/express/lib/router/index.js:346:12)
    at next (/home/bitnami/Mean-App/node_modules/express/lib/router/index.js:280:10)
    at /home/bitnami/Mean-App/app.js:85:3
Error: No default engine was specified and no extension was provided.
    at new View (/home/bitnami/Mean-App/node_modules/express/lib/view.js:61:11)
    at Function.render (/home/bitnami/Mean-App/node_modules/express/lib/application.js:587:12)
    at ServerResponse.render (/home/bitnami/Mean-App/node_modules/express/lib/response.js:1039:7)
    at /home/bitnami/Mean-App/app.js:96:7
    at Layer.handle_error (/home/bitnami/Mean-App/node_modules/express/lib/router/layer.js:71:5)
    at trim_prefix (/home/bitnami/Mean-App/node_modules/express/lib/router/index.js:326:13)
    at /home/bitnami/Mean-App/node_modules/express/lib/router/index.js:286:9
    at Function.process_params (/home/bitnami/Mean-App/node_modules/express/lib/router/index.js:346:12)
    at next (/home/bitnami/Mean-App/node_modules/express/lib/router/index.js:280:10)
    at /home/bitnami/Mean-App/app.js:85:3
Error: No default engine was specified and no extension was provided.
    at new View (/home/bitnami/Mean-App/node_modules/express/lib/view.js:61:11)
    at Function.render (/home/bitnami/Mean-App/node_modules/express/lib/application.js:587:12)
    at ServerResponse.render (/home/bitnami/Mean-App/node_modules/express/lib/response.js:1039:7)
    at /home/bitnami/Mean-App/app.js:96:7
    at Layer.handle_error (/home/bitnami/Mean-App/node_modules/express/lib/router/layer.js:71:5)
    at trim_prefix (/home/bitnami/Mean-App/node_modules/express/lib/router/index.js:326:13)
    at /home/bitnami/Mean-App/node_modules/express/lib/router/index.js:286:9
    at Function.process_params (/home/bitnami/Mean-App/node_modules/express/lib/router/index.js:346:12)
    at next (/home/bitnami/Mean-App/node_modules/express/lib/router/index.js:280:10)
    at /home/bitnami/Mean-App/app.js:85:3
Error: No default engine was specified and no extension was provided.
    at new View (/home/bitnami/Mean-App/node_modules/express/lib/view.js:61:11)
    at Function.render (/home/bitnami/Mean-App/node_modules/express/lib/application.js:587:12)
    at ServerResponse.render (/home/bitnami/Mean-App/node_modules/express/lib/response.js:1039:7)
    at /home/bitnami/Mean-App/app.js:96:7
    at Layer.handle_error (/home/bitnami/Mean-App/node_modules/express/lib/router/layer.js:71:5)
    at trim_prefix (/home/bitnami/Mean-App/node_modules/express/lib/router/index.js:326:13)
    at /home/bitnami/Mean-App/node_modules/express/lib/router/index.js:286:9
    at Function.process_params (/home/bitnami/Mean-App/node_modules/express/lib/router/index.js:346:12)
    at next (/home/bitnami/Mean-App/node_modules/express/lib/router/index.js:280:10)
    at /home/bitnami/Mean-App/app.js:85:3
Error: No default engine was specified and no extension was provided.
    at new View (/home/bitnami/Mean-App/node_modules/express/lib/view.js:61:11)
    at Function.render (/home/bitnami/Mean-App/node_modules/express/lib/application.js:587:12)
    at ServerResponse.render (/home/bitnami/Mean-App/node_modules/express/lib/response.js:1039:7)
    at /home/bitnami/Mean-App/app.js:96:7
    at Layer.handle_error (/home/bitnami/Mean-App/node_modules/express/lib/router/layer.js:71:5)
    at trim_prefix (/home/bitnami/Mean-App/node_modules/express/lib/router/index.js:326:13)
    at /home/bitnami/Mean-App/node_modules/express/lib/router/index.js:286:9
    at Function.process_params (/home/bitnami/Mean-App/node_modules/express/lib/router/index.js:346:12)
    at next (/home/bitnami/Mean-App/node_modules/express/lib/router/index.js:280:10)
    at /home/bitnami/Mean-App/app.js:85:3
Error: No default engine was specified and no extension was provided.
    at new View (/home/bitnami/Mean-App/node_modules/express/lib/view.js:61:11)
    at Function.render (/home/bitnami/Mean-App/node_modules/express/lib/application.js:587:12)
    at ServerResponse.render (/home/bitnami/Mean-App/node_modules/express/lib/response.js:1039:7)
    at /home/bitnami/Mean-App/app.js:96:7
    at Layer.handle_error (/home/bitnami/Mean-App/node_modules/express/lib/router/layer.js:71:5)
    at trim_prefix (/home/bitnami/Mean-App/node_modules/express/lib/router/index.js:326:13)
    at /home/bitnami/Mean-App/node_modules/express/lib/router/index.js:286:9
    at Function.process_params (/home/bitnami/Mean-App/node_modules/express/lib/router/index.js:346:12)
    at next (/home/bitnami/Mean-App/node_modules/express/lib/router/index.js:280:10)
    at /home/bitnami/Mean-App/app.js:85:3
Error: No default engine was specified and no extension was provided.
    at new View (/home/bitnami/Mean-App/node_modules/express/lib/view.js:61:11)
    at Function.render (/home/bitnami/Mean-App/node_modules/express/lib/application.js:587:12)
    at ServerResponse.render (/home/bitnami/Mean-App/node_modules/express/lib/response.js:1039:7)
    at /home/bitnami/Mean-App/app.js:96:7
    at Layer.handle_error (/home/bitnami/Mean-App/node_modules/express/lib/router/layer.js:71:5)
    at trim_prefix (/home/bitnami/Mean-App/node_modules/express/lib/router/index.js:326:13)
    at /home/bitnami/Mean-App/node_modules/express/lib/router/index.js:286:9
    at Function.process_params (/home/bitnami/Mean-App/node_modules/express/lib/router/index.js:346:12)
    at next (/home/bitnami/Mean-App/node_modules/express/lib/router/index.js:280:10)
    at /home/bitnami/Mean-App/app.js:85:3
Error: No default engine was specified and no extension was provided.
    at new View (/home/bitnami/Mean-App/node_modules/express/lib/view.js:61:11)
    at Function.render (/home/bitnami/Mean-App/node_modules/express/lib/application.js:587:12)
    at ServerResponse.render (/home/bitnami/Mean-App/node_modules/express/lib/response.js:1039:7)
    at /home/bitnami/Mean-App/app.js:96:7
    at Layer.handle_error (/home/bitnami/Mean-App/node_modules/express/lib/router/layer.js:71:5)
    at trim_prefix (/home/bitnami/Mean-App/node_modules/express/lib/router/index.js:326:13)
    at /home/bitnami/Mean-App/node_modules/express/lib/router/index.js:286:9
    at Function.process_params (/home/bitnami/Mean-App/node_modules/express/lib/router/index.js:346:12)
    at next (/home/bitnami/Mean-App/node_modules/express/lib/router/index.js:280:10)
    at /home/bitnami/Mean-App/app.js:85:3
Error: No default engine was specified and no extension was provided.
    at new View (/home/bitnami/Mean-App/node_modules/express/lib/view.js:61:11)
    at Function.render (/home/bitnami/Mean-App/node_modules/express/lib/application.js:587:12)
    at ServerResponse.render (/home/bitnami/Mean-App/node_modules/express/lib/response.js:1039:7)
    at /home/bitnami/Mean-App/app.js:96:7
    at Layer.handle_error (/home/bitnami/Mean-App/node_modules/express/lib/router/layer.js:71:5)
    at trim_prefix (/home/bitnami/Mean-App/node_modules/express/lib/router/index.js:326:13)
    at /home/bitnami/Mean-App/node_modules/express/lib/router/index.js:286:9
    at Function.process_params (/home/bitnami/Mean-App/node_modules/express/lib/router/index.js:346:12)
    at next (/home/bitnami/Mean-App/node_modules/express/lib/router/index.js:280:10)
    at /home/bitnami/Mean-App/app.js:85:3
Error: No default engine was specified and no extension was provided.
    at new View (/home/bitnami/Mean-App/node_modules/express/lib/view.js:61:11)
    at Function.render (/home/bitnami/Mean-App/node_modules/express/lib/application.js:587:12)
    at ServerResponse.render (/home/bitnami/Mean-App/node_modules/express/lib/response.js:1039:7)
    at /home/bitnami/Mean-App/app.js:96:7
    at Layer.handle_error (/home/bitnami/Mean-App/node_modules/express/lib/router/layer.js:71:5)
    at trim_prefix (/home/bitnami/Mean-App/node_modules/express/lib/router/index.js:326:13)
    at /home/bitnami/Mean-App/node_modules/express/lib/router/index.js:286:9
    at Function.process_params (/home/bitnami/Mean-App/node_modules/express/lib/router/index.js:346:12)
    at next (/home/bitnami/Mean-App/node_modules/express/lib/router/index.js:280:10)
    at /home/bitnami/Mean-App/app.js:85:3
Error: No default engine was specified and no extension was provided.
    at new View (/home/bitnami/Mean-App/node_modules/express/lib/view.js:61:11)
    at Function.render (/home/bitnami/Mean-App/node_modules/express/lib/application.js:587:12)
    at ServerResponse.render (/home/bitnami/Mean-App/node_modules/express/lib/response.js:1039:7)
    at /home/bitnami/Mean-App/app.js:96:7
    at Layer.handle_error (/home/bitnami/Mean-App/node_modules/express/lib/router/layer.js:71:5)
    at trim_prefix (/home/bitnami/Mean-App/node_modules/express/lib/router/index.js:326:13)
    at /home/bitnami/Mean-App/node_modules/express/lib/router/index.js:286:9
    at Function.process_params (/home/bitnami/Mean-App/node_modules/express/lib/router/index.js:346:12)
    at next (/home/bitnami/Mean-App/node_modules/express/lib/router/index.js:280:10)
    at /home/bitnami/Mean-App/app.js:85:3
Error: No default engine was specified and no extension was provided.
    at new View (/home/bitnami/Mean-App/node_modules/express/lib/view.js:61:11)
    at Function.render (/home/bitnami/Mean-App/node_modules/express/lib/application.js:587:12)
    at ServerResponse.render (/home/bitnami/Mean-App/node_modules/express/lib/response.js:1039:7)
    at /home/bitnami/Mean-App/app.js:96:7
    at Layer.handle_error (/home/bitnami/Mean-App/node_modules/express/lib/router/layer.js:71:5)
    at trim_prefix (/home/bitnami/Mean-App/node_modules/express/lib/router/index.js:326:13)
    at /home/bitnami/Mean-App/node_modules/express/lib/router/index.js:286:9
    at Function.process_params (/home/bitnami/Mean-App/node_modules/express/lib/router/index.js:346:12)
    at next (/home/bitnami/Mean-App/node_modules/express/lib/router/index.js:280:10)
    at /home/bitnami/Mean-App/app.js:85:3
Error: No default engine was specified and no extension was provided.
    at new View (/home/bitnami/Mean-App/node_modules/express/lib/view.js:61:11)
    at Function.render (/home/bitnami/Mean-App/node_modules/express/lib/application.js:587:12)
    at ServerResponse.render (/home/bitnami/Mean-App/node_modules/express/lib/response.js:1039:7)
    at /home/bitnami/Mean-App/app.js:96:7
    at Layer.handle_error (/home/bitnami/Mean-App/node_modules/express/lib/router/layer.js:71:5)
    at trim_prefix (/home/bitnami/Mean-App/node_modules/express/lib/router/index.js:326:13)
    at /home/bitnami/Mean-App/node_modules/express/lib/router/index.js:286:9
    at Function.process_params (/home/bitnami/Mean-App/node_modules/express/lib/router/index.js:346:12)
    at next (/home/bitnami/Mean-App/node_modules/express/lib/router/index.js:280:10)
    at /home/bitnami/Mean-App/app.js:85:3
Error: No default engine was specified and no extension was provided.
    at new View (/home/bitnami/Mean-App/node_modules/express/lib/view.js:61:11)
    at Function.render (/home/bitnami/Mean-App/node_modules/express/lib/application.js:587:12)
    at ServerResponse.render (/home/bitnami/Mean-App/node_modules/express/lib/response.js:1039:7)
    at /home/bitnami/Mean-App/app.js:96:7
    at Layer.handle_error (/home/bitnami/Mean-App/node_modules/express/lib/router/layer.js:71:5)
    at trim_prefix (/home/bitnami/Mean-App/node_modules/express/lib/router/index.js:326:13)
    at /home/bitnami/Mean-App/node_modules/express/lib/router/index.js:286:9
    at Function.process_params (/home/bitnami/Mean-App/node_modules/express/lib/router/index.js:346:12)
    at next (/home/bitnami/Mean-App/node_modules/express/lib/router/index.js:280:10)
    at /home/bitnami/Mean-App/app.js:85:3
Error: No default engine was specified and no extension was provided.
    at new View (/home/bitnami/Mean-App/node_modules/express/lib/view.js:61:11)
    at Function.render (/home/bitnami/Mean-App/node_modules/express/lib/application.js:587:12)
    at ServerResponse.render (/home/bitnami/Mean-App/node_modules/express/lib/response.js:1039:7)
    at /home/bitnami/Mean-App/app.js:96:7
    at Layer.handle_error (/home/bitnami/Mean-App/node_modules/express/lib/router/layer.js:71:5)
    at trim_prefix (/home/bitnami/Mean-App/node_modules/express/lib/router/index.js:326:13)
    at /home/bitnami/Mean-App/node_modules/express/lib/router/index.js:286:9
    at Function.process_params (/home/bitnami/Mean-App/node_modules/express/lib/router/index.js:346:12)
    at next (/home/bitnami/Mean-App/node_modules/express/lib/router/index.js:280:10)
    at /home/bitnami/Mean-App/app.js:85:3
Error: No default engine was specified and no extension was provided.
    at new View (/home/bitnami/Mean-App/node_modules/express/lib/view.js:61:11)
    at Function.render (/home/bitnami/Mean-App/node_modules/express/lib/application.js:587:12)
    at ServerResponse.render (/home/bitnami/Mean-App/node_modules/express/lib/response.js:1039:7)
    at /home/bitnami/Mean-App/app.js:96:7
    at Layer.handle_error (/home/bitnami/Mean-App/node_modules/express/lib/router/layer.js:71:5)
    at trim_prefix (/home/bitnami/Mean-App/node_modules/express/lib/router/index.js:326:13)
    at /home/bitnami/Mean-App/node_modules/express/lib/router/index.js:286:9
    at Function.process_params (/home/bitnami/Mean-App/node_modules/express/lib/router/index.js:346:12)
    at next (/home/bitnami/Mean-App/node_modules/express/lib/router/index.js:280:10)
    at /home/bitnami/Mean-App/app.js:85:3
Error: No default engine was specified and no extension was provided.
    at new View (/home/bitnami/Mean-App/node_modules/express/lib/view.js:61:11)
    at Function.render (/home/bitnami/Mean-App/node_modules/express/lib/application.js:587:12)
    at ServerResponse.render (/home/bitnami/Mean-App/node_modules/express/lib/response.js:1039:7)
    at /home/bitnami/Mean-App/app.js:96:7
    at Layer.handle_error (/home/bitnami/Mean-App/node_modules/express/lib/router/layer.js:71:5)
    at trim_prefix (/home/bitnami/Mean-App/node_modules/express/lib/router/index.js:326:13)
    at /home/bitnami/Mean-App/node_modules/express/lib/router/index.js:286:9
    at Function.process_params (/home/bitnami/Mean-App/node_modules/express/lib/router/index.js:346:12)
    at next (/home/bitnami/Mean-App/node_modules/express/lib/router/index.js:280:10)
    at /home/bitnami/Mean-App/app.js:85:3
Error: No default engine was specified and no extension was provided.
    at new View (/home/bitnami/Mean-App/node_modules/express/lib/view.js:61:11)
    at Function.render (/home/bitnami/Mean-App/node_modules/express/lib/application.js:587:12)
    at ServerResponse.render (/home/bitnami/Mean-App/node_modules/express/lib/response.js:1039:7)
    at /home/bitnami/Mean-App/app.js:96:7
    at Layer.handle_error (/home/bitnami/Mean-App/node_modules/express/lib/router/layer.js:71:5)
    at trim_prefix (/home/bitnami/Mean-App/node_modules/express/lib/router/index.js:326:13)
    at /home/bitnami/Mean-App/node_modules/express/lib/router/index.js:286:9
    at Function.process_params (/home/bitnami/Mean-App/node_modules/express/lib/router/index.js:346:12)
    at next (/home/bitnami/Mean-App/node_modules/express/lib/router/index.js:280:10)
    at /home/bitnami/Mean-App/app.js:85:3
Error: No default engine was specified and no extension was provided.
    at new View (/home/bitnami/Mean-App/node_modules/express/lib/view.js:61:11)
    at Function.render (/home/bitnami/Mean-App/node_modules/express/lib/application.js:587:12)
    at ServerResponse.render (/home/bitnami/Mean-App/node_modules/express/lib/response.js:1039:7)
    at /home/bitnami/Mean-App/app.js:96:7
    at Layer.handle_error (/home/bitnami/Mean-App/node_modules/express/lib/router/layer.js:71:5)
    at trim_prefix (/home/bitnami/Mean-App/node_modules/express/lib/router/index.js:326:13)
    at /home/bitnami/Mean-App/node_modules/express/lib/router/index.js:286:9
    at Function.process_params (/home/bitnami/Mean-App/node_modules/express/lib/router/index.js:346:12)
    at next (/home/bitnami/Mean-App/node_modules/express/lib/router/index.js:280:10)
    at /home/bitnami/Mean-App/app.js:85:3
Error: No default engine was specified and no extension was provided.
    at new View (/home/bitnami/Mean-App/node_modules/express/lib/view.js:61:11)
    at Function.render (/home/bitnami/Mean-App/node_modules/express/lib/application.js:587:12)
    at ServerResponse.render (/home/bitnami/Mean-App/node_modules/express/lib/response.js:1039:7)
    at /home/bitnami/Mean-App/app.js:96:7
    at Layer.handle_error (/home/bitnami/Mean-App/node_modules/express/lib/router/layer.js:71:5)
    at trim_prefix (/home/bitnami/Mean-App/node_modules/express/lib/router/index.js:326:13)
    at /home/bitnami/Mean-App/node_modules/express/lib/router/index.js:286:9
    at Function.process_params (/home/bitnami/Mean-App/node_modules/express/lib/router/index.js:346:12)
    at next (/home/bitnami/Mean-App/node_modules/express/lib/router/index.js:280:10)
    at /home/bitnami/Mean-App/app.js:85:3
Error: No default engine was specified and no extension was provided.
    at new View (/home/bitnami/Mean-App/node_modules/express/lib/view.js:61:11)
    at Function.render (/home/bitnami/Mean-App/node_modules/express/lib/application.js:587:12)
    at ServerResponse.render (/home/bitnami/Mean-App/node_modules/express/lib/response.js:1039:7)
    at /home/bitnami/Mean-App/app.js:96:7
    at Layer.handle_error (/home/bitnami/Mean-App/node_modules/express/lib/router/layer.js:71:5)
    at trim_prefix (/home/bitnami/Mean-App/node_modules/express/lib/router/index.js:326:13)
    at /home/bitnami/Mean-App/node_modules/express/lib/router/index.js:286:9
    at Function.process_params (/home/bitnami/Mean-App/node_modules/express/lib/router/index.js:346:12)
    at next (/home/bitnami/Mean-App/node_modules/express/lib/router/index.js:280:10)
    at /home/bitnami/Mean-App/app.js:85:3
Error: No default engine was specified and no extension was provided.
    at new View (/home/bitnami/Mean-App/node_modules/express/lib/view.js:61:11)
    at Function.render (/home/bitnami/Mean-App/node_modules/express/lib/application.js:587:12)
    at ServerResponse.render (/home/bitnami/Mean-App/node_modules/express/lib/response.js:1039:7)
    at /home/bitnami/Mean-App/app.js:96:7
    at Layer.handle_error (/home/bitnami/Mean-App/node_modules/express/lib/router/layer.js:71:5)
    at trim_prefix (/home/bitnami/Mean-App/node_modules/express/lib/router/index.js:326:13)
    at /home/bitnami/Mean-App/node_modules/express/lib/router/index.js:286:9
    at Function.process_params (/home/bitnami/Mean-App/node_modules/express/lib/router/index.js:346:12)
    at next (/home/bitnami/Mean-App/node_modules/express/lib/router/index.js:280:10)
    at /home/bitnami/Mean-App/app.js:85:3
Error: No default engine was specified and no extension was provided.
    at new View (/home/bitnami/Mean-App/node_modules/express/lib/view.js:61:11)
    at Function.render (/home/bitnami/Mean-App/node_modules/express/lib/application.js:587:12)
    at ServerResponse.render (/home/bitnami/Mean-App/node_modules/express/lib/response.js:1039:7)
    at /home/bitnami/Mean-App/app.js:96:7
    at Layer.handle_error (/home/bitnami/Mean-App/node_modules/express/lib/router/layer.js:71:5)
    at trim_prefix (/home/bitnami/Mean-App/node_modules/express/lib/router/index.js:326:13)
    at /home/bitnami/Mean-App/node_modules/express/lib/router/index.js:286:9
    at Function.process_params (/home/bitnami/Mean-App/node_modules/express/lib/router/index.js:346:12)
    at next (/home/bitnami/Mean-App/node_modules/express/lib/router/index.js:280:10)
    at /home/bitnami/Mean-App/app.js:85:3
Error: No default engine was specified and no extension was provided.
    at new View (/home/bitnami/Mean-App/node_modules/express/lib/view.js:61:11)
    at Function.render (/home/bitnami/Mean-App/node_modules/express/lib/application.js:587:12)
    at ServerResponse.render (/home/bitnami/Mean-App/node_modules/express/lib/response.js:1039:7)
    at /home/bitnami/Mean-App/app.js:96:7
    at Layer.handle_error (/home/bitnami/Mean-App/node_modules/express/lib/router/layer.js:71:5)
    at trim_prefix (/home/bitnami/Mean-App/node_modules/express/lib/router/index.js:326:13)
    at /home/bitnami/Mean-App/node_modules/express/lib/router/index.js:286:9
    at Function.process_params (/home/bitnami/Mean-App/node_modules/express/lib/router/index.js:346:12)
    at next (/home/bitnami/Mean-App/node_modules/express/lib/router/index.js:280:10)
    at /home/bitnami/Mean-App/app.js:85:3
Error: No default engine was specified and no extension was provided.
    at new View (/home/bitnami/Mean-App/node_modules/express/lib/view.js:61:11)
    at Function.render (/home/bitnami/Mean-App/node_modules/express/lib/application.js:587:12)
    at ServerResponse.render (/home/bitnami/Mean-App/node_modules/express/lib/response.js:1039:7)
    at /home/bitnami/Mean-App/app.js:96:7
    at Layer.handle_error (/home/bitnami/Mean-App/node_modules/express/lib/router/layer.js:71:5)
    at trim_prefix (/home/bitnami/Mean-App/node_modules/express/lib/router/index.js:326:13)
    at /home/bitnami/Mean-App/node_modules/express/lib/router/index.js:286:9
    at Function.process_params (/home/bitnami/Mean-App/node_modules/express/lib/router/index.js:346:12)
    at next (/home/bitnami/Mean-App/node_modules/express/lib/router/index.js:280:10)
    at /home/bitnami/Mean-App/app.js:85:3
Error: No default engine was specified and no extension was provided.
    at new View (/home/bitnami/Mean-App/node_modules/express/lib/view.js:61:11)
    at Function.render (/home/bitnami/Mean-App/node_modules/express/lib/application.js:587:12)
    at ServerResponse.render (/home/bitnami/Mean-App/node_modules/express/lib/response.js:1039:7)
    at /home/bitnami/Mean-App/app.js:96:7
    at Layer.handle_error (/home/bitnami/Mean-App/node_modules/express/lib/router/layer.js:71:5)
    at trim_prefix (/home/bitnami/Mean-App/node_modules/express/lib/router/index.js:326:13)
    at /home/bitnami/Mean-App/node_modules/express/lib/router/index.js:286:9
    at Function.process_params (/home/bitnami/Mean-App/node_modules/express/lib/router/index.js:346:12)
    at next (/home/bitnami/Mean-App/node_modules/express/lib/router/index.js:280:10)
    at /home/bitnami/Mean-App/app.js:85:3
Error: No default engine was specified and no extension was provided.
    at new View (/home/bitnami/Mean-App/node_modules/express/lib/view.js:61:11)
    at Function.render (/home/bitnami/Mean-App/node_modules/express/lib/application.js:587:12)
    at ServerResponse.render (/home/bitnami/Mean-App/node_modules/express/lib/response.js:1039:7)
    at /home/bitnami/Mean-App/app.js:96:7
    at Layer.handle_error (/home/bitnami/Mean-App/node_modules/express/lib/router/layer.js:71:5)
    at trim_prefix (/home/bitnami/Mean-App/node_modules/express/lib/router/index.js:326:13)
    at /home/bitnami/Mean-App/node_modules/express/lib/router/index.js:286:9
    at Function.process_params (/home/bitnami/Mean-App/node_modules/express/lib/router/index.js:346:12)
    at next (/home/bitnami/Mean-App/node_modules/express/lib/router/index.js:280:10)
    at /home/bitnami/Mean-App/app.js:85:3
Error: No default engine was specified and no extension was provided.
    at new View (/home/bitnami/Mean-App/node_modules/express/lib/view.js:61:11)
    at Function.render (/home/bitnami/Mean-App/node_modules/express/lib/application.js:587:12)
    at ServerResponse.render (/home/bitnami/Mean-App/node_modules/express/lib/response.js:1039:7)
    at /home/bitnami/Mean-App/app.js:96:7
    at Layer.handle_error (/home/bitnami/Mean-App/node_modules/express/lib/router/layer.js:71:5)
    at trim_prefix (/home/bitnami/Mean-App/node_modules/express/lib/router/index.js:326:13)
    at /home/bitnami/Mean-App/node_modules/express/lib/router/index.js:286:9
    at Function.process_params (/home/bitnami/Mean-App/node_modules/express/lib/router/index.js:346:12)
    at next (/home/bitnami/Mean-App/node_modules/express/lib/router/index.js:280:10)
    at /home/bitnami/Mean-App/app.js:85:3
Error: No default engine was specified and no extension was provided.
    at new View (/home/bitnami/Mean-App/node_modules/express/lib/view.js:61:11)
    at Function.render (/home/bitnami/Mean-App/node_modules/express/lib/application.js:587:12)
    at ServerResponse.render (/home/bitnami/Mean-App/node_modules/express/lib/response.js:1039:7)
    at /home/bitnami/Mean-App/app.js:96:7
    at Layer.handle_error (/home/bitnami/Mean-App/node_modules/express/lib/router/layer.js:71:5)
    at trim_prefix (/home/bitnami/Mean-App/node_modules/express/lib/router/index.js:326:13)
    at /home/bitnami/Mean-App/node_modules/express/lib/router/index.js:286:9
    at Function.process_params (/home/bitnami/Mean-App/node_modules/express/lib/router/index.js:346:12)
    at next (/home/bitnami/Mean-App/node_modules/express/lib/router/index.js:280:10)
    at /home/bitnami/Mean-App/app.js:85:3
Error: No default engine was specified and no extension was provided.
    at new View (/home/bitnami/Mean-App/node_modules/express/lib/view.js:61:11)
    at Function.render (/home/bitnami/Mean-App/node_modules/express/lib/application.js:587:12)
    at ServerResponse.render (/home/bitnami/Mean-App/node_modules/express/lib/response.js:1039:7)
    at /home/bitnami/Mean-App/app.js:96:7
    at Layer.handle_error (/home/bitnami/Mean-App/node_modules/express/lib/router/layer.js:71:5)
    at trim_prefix (/home/bitnami/Mean-App/node_modules/express/lib/router/index.js:326:13)
    at /home/bitnami/Mean-App/node_modules/express/lib/router/index.js:286:9
    at Function.process_params (/home/bitnami/Mean-App/node_modules/express/lib/router/index.js:346:12)
    at next (/home/bitnami/Mean-App/node_modules/express/lib/router/index.js:280:10)
    at /home/bitnami/Mean-App/app.js:85:3
Error: No default engine was specified and no extension was provided.
    at new View (/home/bitnami/Mean-App/node_modules/express/lib/view.js:61:11)
    at Function.render (/home/bitnami/Mean-App/node_modules/express/lib/application.js:587:12)
    at ServerResponse.render (/home/bitnami/Mean-App/node_modules/express/lib/response.js:1039:7)
    at /home/bitnami/Mean-App/app.js:96:7
    at Layer.handle_error (/home/bitnami/Mean-App/node_modules/express/lib/router/layer.js:71:5)
    at trim_prefix (/home/bitnami/Mean-App/node_modules/express/lib/router/index.js:326:13)
    at /home/bitnami/Mean-App/node_modules/express/lib/router/index.js:286:9
    at Function.process_params (/home/bitnami/Mean-App/node_modules/express/lib/router/index.js:346:12)
    at next (/home/bitnami/Mean-App/node_modules/express/lib/router/index.js:280:10)
    at /home/bitnami/Mean-App/app.js:85:3
Error: No default engine was specified and no extension was provided.
    at new View (/home/bitnami/Mean-App/node_modules/express/lib/view.js:61:11)
    at Function.render (/home/bitnami/Mean-App/node_modules/express/lib/application.js:587:12)
    at ServerResponse.render (/home/bitnami/Mean-App/node_modules/express/lib/response.js:1039:7)
    at /home/bitnami/Mean-App/app.js:96:7
    at Layer.handle_error (/home/bitnami/Mean-App/node_modules/express/lib/router/layer.js:71:5)
    at trim_prefix (/home/bitnami/Mean-App/node_modules/express/lib/router/index.js:326:13)
    at /home/bitnami/Mean-App/node_modules/express/lib/router/index.js:286:9
    at Function.process_params (/home/bitnami/Mean-App/node_modules/express/lib/router/index.js:346:12)
    at next (/home/bitnami/Mean-App/node_modules/express/lib/router/index.js:280:10)
    at /home/bitnami/Mean-App/app.js:85:3
Error: No default engine was specified and no extension was provided.
    at new View (/home/bitnami/Mean-App/node_modules/express/lib/view.js:61:11)
    at Function.render (/home/bitnami/Mean-App/node_modules/express/lib/application.js:587:12)
    at ServerResponse.render (/home/bitnami/Mean-App/node_modules/express/lib/response.js:1039:7)
    at /home/bitnami/Mean-App/app.js:96:7
    at Layer.handle_error (/home/bitnami/Mean-App/node_modules/express/lib/router/layer.js:71:5)
    at trim_prefix (/home/bitnami/Mean-App/node_modules/express/lib/router/index.js:326:13)
    at /home/bitnami/Mean-App/node_modules/express/lib/router/index.js:286:9
    at Function.process_params (/home/bitnami/Mean-App/node_modules/express/lib/router/index.js:346:12)
    at next (/home/bitnami/Mean-App/node_modules/express/lib/router/index.js:280:10)
    at /home/bitnami/Mean-App/app.js:85:3
Error: No default engine was specified and no extension was provided.
    at new View (/home/bitnami/Mean-App/node_modules/express/lib/view.js:61:11)
    at Function.render (/home/bitnami/Mean-App/node_modules/express/lib/application.js:587:12)
    at ServerResponse.render (/home/bitnami/Mean-App/node_modules/express/lib/response.js:1039:7)
    at /home/bitnami/Mean-App/app.js:96:7
    at Layer.handle_error (/home/bitnami/Mean-App/node_modules/express/lib/router/layer.js:71:5)
    at trim_prefix (/home/bitnami/Mean-App/node_modules/express/lib/router/index.js:326:13)
    at /home/bitnami/Mean-App/node_modules/express/lib/router/index.js:286:9
    at Function.process_params (/home/bitnami/Mean-App/node_modules/express/lib/router/index.js:346:12)
    at next (/home/bitnami/Mean-App/node_modules/express/lib/router/index.js:280:10)
    at /home/bitnami/Mean-App/app.js:85:3
Error: No default engine was specified and no extension was provided.
    at new View (/home/bitnami/Mean-App/node_modules/express/lib/view.js:61:11)
    at Function.render (/home/bitnami/Mean-App/node_modules/express/lib/application.js:587:12)
    at ServerResponse.render (/home/bitnami/Mean-App/node_modules/express/lib/response.js:1039:7)
    at /home/bitnami/Mean-App/app.js:96:7
    at Layer.handle_error (/home/bitnami/Mean-App/node_modules/express/lib/router/layer.js:71:5)
    at trim_prefix (/home/bitnami/Mean-App/node_modules/express/lib/router/index.js:326:13)
    at /home/bitnami/Mean-App/node_modules/express/lib/router/index.js:286:9
    at Function.process_params (/home/bitnami/Mean-App/node_modules/express/lib/router/index.js:346:12)
    at next (/home/bitnami/Mean-App/node_modules/express/lib/router/index.js:280:10)
    at /home/bitnami/Mean-App/app.js:85:3
Error: No default engine was specified and no extension was provided.
    at new View (/home/bitnami/Mean-App/node_modules/express/lib/view.js:61:11)
    at Function.render (/home/bitnami/Mean-App/node_modules/express/lib/application.js:587:12)
    at ServerResponse.render (/home/bitnami/Mean-App/node_modules/express/lib/response.js:1039:7)
    at /home/bitnami/Mean-App/app.js:96:7
    at Layer.handle_error (/home/bitnami/Mean-App/node_modules/express/lib/router/layer.js:71:5)
    at trim_prefix (/home/bitnami/Mean-App/node_modules/express/lib/router/index.js:326:13)
    at /home/bitnami/Mean-App/node_modules/express/lib/router/index.js:286:9
    at Function.process_params (/home/bitnami/Mean-App/node_modules/express/lib/router/index.js:346:12)
    at next (/home/bitnami/Mean-App/node_modules/express/lib/router/index.js:280:10)
    at /home/bitnami/Mean-App/app.js:85:3
Error: No default engine was specified and no extension was provided.
    at new View (/home/bitnami/Mean-App/node_modules/express/lib/view.js:61:11)
    at Function.render (/home/bitnami/Mean-App/node_modules/express/lib/application.js:587:12)
    at ServerResponse.render (/home/bitnami/Mean-App/node_modules/express/lib/response.js:1039:7)
    at /home/bitnami/Mean-App/app.js:96:7
    at Layer.handle_error (/home/bitnami/Mean-App/node_modules/express/lib/router/layer.js:71:5)
    at trim_prefix (/home/bitnami/Mean-App/node_modules/express/lib/router/index.js:326:13)
    at /home/bitnami/Mean-App/node_modules/express/lib/router/index.js:286:9
    at Function.process_params (/home/bitnami/Mean-App/node_modules/express/lib/router/index.js:346:12)
    at next (/home/bitnami/Mean-App/node_modules/express/lib/router/index.js:280:10)
    at /home/bitnami/Mean-App/app.js:85:3
Error: No default engine was specified and no extension was provided.
    at new View (/home/bitnami/Mean-App/node_modules/express/lib/view.js:61:11)
    at Function.render (/home/bitnami/Mean-App/node_modules/express/lib/application.js:587:12)
    at ServerResponse.render (/home/bitnami/Mean-App/node_modules/express/lib/response.js:1039:7)
    at /home/bitnami/Mean-App/app.js:96:7
    at Layer.handle_error (/home/bitnami/Mean-App/node_modules/express/lib/router/layer.js:71:5)
    at trim_prefix (/home/bitnami/Mean-App/node_modules/express/lib/router/index.js:326:13)
    at /home/bitnami/Mean-App/node_modules/express/lib/router/index.js:286:9
    at Function.process_params (/home/bitnami/Mean-App/node_modules/express/lib/router/index.js:346:12)
    at next (/home/bitnami/Mean-App/node_modules/express/lib/router/index.js:280:10)
    at /home/bitnami/Mean-App/app.js:85:3
Error: No default engine was specified and no extension was provided.
    at new View (/home/bitnami/Mean-App/node_modules/express/lib/view.js:61:11)
    at Function.render (/home/bitnami/Mean-App/node_modules/express/lib/application.js:587:12)
    at ServerResponse.render (/home/bitnami/Mean-App/node_modules/express/lib/response.js:1039:7)
    at /home/bitnami/Mean-App/app.js:96:7
    at Layer.handle_error (/home/bitnami/Mean-App/node_modules/express/lib/router/layer.js:71:5)
    at trim_prefix (/home/bitnami/Mean-App/node_modules/express/lib/router/index.js:326:13)
    at /home/bitnami/Mean-App/node_modules/express/lib/router/index.js:286:9
    at Function.process_params (/home/bitnami/Mean-App/node_modules/express/lib/router/index.js:346:12)
    at next (/home/bitnami/Mean-App/node_modules/express/lib/router/index.js:280:10)
    at /home/bitnami/Mean-App/app.js:85:3
Error: No default engine was specified and no extension was provided.
    at new View (/home/bitnami/Mean-App/node_modules/express/lib/view.js:61:11)
    at Function.render (/home/bitnami/Mean-App/node_modules/express/lib/application.js:587:12)
    at ServerResponse.render (/home/bitnami/Mean-App/node_modules/express/lib/response.js:1039:7)
    at /home/bitnami/Mean-App/app.js:96:7
    at Layer.handle_error (/home/bitnami/Mean-App/node_modules/express/lib/router/layer.js:71:5)
    at trim_prefix (/home/bitnami/Mean-App/node_modules/express/lib/router/index.js:326:13)
    at /home/bitnami/Mean-App/node_modules/express/lib/router/index.js:286:9
    at Function.process_params (/home/bitnami/Mean-App/node_modules/express/lib/router/index.js:346:12)
    at next (/home/bitnami/Mean-App/node_modules/express/lib/router/index.js:280:10)
    at /home/bitnami/Mean-App/app.js:85:3
Error: No default engine was specified and no extension was provided.
    at new View (/home/bitnami/Mean-App/node_modules/express/lib/view.js:61:11)
    at Function.render (/home/bitnami/Mean-App/node_modules/express/lib/application.js:587:12)
    at ServerResponse.render (/home/bitnami/Mean-App/node_modules/express/lib/response.js:1039:7)
    at /home/bitnami/Mean-App/app.js:96:7
    at Layer.handle_error (/home/bitnami/Mean-App/node_modules/express/lib/router/layer.js:71:5)
    at trim_prefix (/home/bitnami/Mean-App/node_modules/express/lib/router/index.js:326:13)
    at /home/bitnami/Mean-App/node_modules/express/lib/router/index.js:286:9
    at Function.process_params (/home/bitnami/Mean-App/node_modules/express/lib/router/index.js:346:12)
    at next (/home/bitnami/Mean-App/node_modules/express/lib/router/index.js:280:10)
    at /home/bitnami/Mean-App/app.js:85:3
Error: No default engine was specified and no extension was provided.
    at new View (/home/bitnami/Mean-App/node_modules/express/lib/view.js:61:11)
    at Function.render (/home/bitnami/Mean-App/node_modules/express/lib/application.js:587:12)
    at ServerResponse.render (/home/bitnami/Mean-App/node_modules/express/lib/response.js:1039:7)
    at /home/bitnami/Mean-App/app.js:96:7
    at Layer.handle_error (/home/bitnami/Mean-App/node_modules/express/lib/router/layer.js:71:5)
    at trim_prefix (/home/bitnami/Mean-App/node_modules/express/lib/router/index.js:326:13)
    at /home/bitnami/Mean-App/node_modules/express/lib/router/index.js:286:9
    at Function.process_params (/home/bitnami/Mean-App/node_modules/express/lib/router/index.js:346:12)
    at next (/home/bitnami/Mean-App/node_modules/express/lib/router/index.js:280:10)
    at /home/bitnami/Mean-App/app.js:85:3
Error: No default engine was specified and no extension was provided.
    at new View (/home/bitnami/Mean-App/node_modules/express/lib/view.js:61:11)
    at Function.render (/home/bitnami/Mean-App/node_modules/express/lib/application.js:587:12)
    at ServerResponse.render (/home/bitnami/Mean-App/node_modules/express/lib/response.js:1039:7)
    at /home/bitnami/Mean-App/app.js:96:7
    at Layer.handle_error (/home/bitnami/Mean-App/node_modules/express/lib/router/layer.js:71:5)
    at trim_prefix (/home/bitnami/Mean-App/node_modules/express/lib/router/index.js:326:13)
    at /home/bitnami/Mean-App/node_modules/express/lib/router/index.js:286:9
    at Function.process_params (/home/bitnami/Mean-App/node_modules/express/lib/router/index.js:346:12)
    at next (/home/bitnami/Mean-App/node_modules/express/lib/router/index.js:280:10)
    at /home/bitnami/Mean-App/app.js:85:3
Error: No default engine was specified and no extension was provided.
    at new View (/home/bitnami/Mean-App/node_modules/express/lib/view.js:61:11)
    at Function.render (/home/bitnami/Mean-App/node_modules/express/lib/application.js:587:12)
    at ServerResponse.render (/home/bitnami/Mean-App/node_modules/express/lib/response.js:1039:7)
    at /home/bitnami/Mean-App/app.js:96:7
    at Layer.handle_error (/home/bitnami/Mean-App/node_modules/express/lib/router/layer.js:71:5)
    at trim_prefix (/home/bitnami/Mean-App/node_modules/express/lib/router/index.js:326:13)
    at /home/bitnami/Mean-App/node_modules/express/lib/router/index.js:286:9
    at Function.process_params (/home/bitnami/Mean-App/node_modules/express/lib/router/index.js:346:12)
    at next (/home/bitnami/Mean-App/node_modules/express/lib/router/index.js:280:10)
    at /home/bitnami/Mean-App/app.js:85:3
Error: No default engine was specified and no extension was provided.
    at new View (/home/bitnami/Mean-App/node_modules/express/lib/view.js:61:11)
    at Function.render (/home/bitnami/Mean-App/node_modules/express/lib/application.js:587:12)
    at ServerResponse.render (/home/bitnami/Mean-App/node_modules/express/lib/response.js:1039:7)
    at /home/bitnami/Mean-App/app.js:96:7
    at Layer.handle_error (/home/bitnami/Mean-App/node_modules/express/lib/router/layer.js:71:5)
    at trim_prefix (/home/bitnami/Mean-App/node_modules/express/lib/router/index.js:326:13)
    at /home/bitnami/Mean-App/node_modules/express/lib/router/index.js:286:9
    at Function.process_params (/home/bitnami/Mean-App/node_modules/express/lib/router/index.js:346:12)
    at next (/home/bitnami/Mean-App/node_modules/express/lib/router/index.js:280:10)
    at /home/bitnami/Mean-App/app.js:85:3
Error: No default engine was specified and no extension was provided.
    at new View (/home/bitnami/Mean-App/node_modules/express/lib/view.js:61:11)
    at Function.render (/home/bitnami/Mean-App/node_modules/express/lib/application.js:587:12)
    at ServerResponse.render (/home/bitnami/Mean-App/node_modules/express/lib/response.js:1039:7)
    at /home/bitnami/Mean-App/app.js:96:7
    at Layer.handle_error (/home/bitnami/Mean-App/node_modules/express/lib/router/layer.js:71:5)
    at trim_prefix (/home/bitnami/Mean-App/node_modules/express/lib/router/index.js:326:13)
    at /home/bitnami/Mean-App/node_modules/express/lib/router/index.js:286:9
    at Function.process_params (/home/bitnami/Mean-App/node_modules/express/lib/router/index.js:346:12)
    at next (/home/bitnami/Mean-App/node_modules/express/lib/router/index.js:280:10)
    at /home/bitnami/Mean-App/app.js:85:3
Error: No default engine was specified and no extension was provided.
    at new View (/home/bitnami/Mean-App/node_modules/express/lib/view.js:61:11)
    at Function.render (/home/bitnami/Mean-App/node_modules/express/lib/application.js:587:12)
    at ServerResponse.render (/home/bitnami/Mean-App/node_modules/express/lib/response.js:1039:7)
    at /home/bitnami/Mean-App/app.js:96:7
    at Layer.handle_error (/home/bitnami/Mean-App/node_modules/express/lib/router/layer.js:71:5)
    at trim_prefix (/home/bitnami/Mean-App/node_modules/express/lib/router/index.js:326:13)
    at /home/bitnami/Mean-App/node_modules/express/lib/router/index.js:286:9
    at Function.process_params (/home/bitnami/Mean-App/node_modules/express/lib/router/index.js:346:12)
    at next (/home/bitnami/Mean-App/node_modules/express/lib/router/index.js:280:10)
    at /home/bitnami/Mean-App/app.js:85:3
Error: No default engine was specified and no extension was provided.
    at new View (/home/bitnami/Mean-App/node_modules/express/lib/view.js:61:11)
    at Function.render (/home/bitnami/Mean-App/node_modules/express/lib/application.js:587:12)
    at ServerResponse.render (/home/bitnami/Mean-App/node_modules/express/lib/response.js:1039:7)
    at /home/bitnami/Mean-App/app.js:96:7
    at Layer.handle_error (/home/bitnami/Mean-App/node_modules/express/lib/router/layer.js:71:5)
    at trim_prefix (/home/bitnami/Mean-App/node_modules/express/lib/router/index.js:326:13)
    at /home/bitnami/Mean-App/node_modules/express/lib/router/index.js:286:9
    at Function.process_params (/home/bitnami/Mean-App/node_modules/express/lib/router/index.js:346:12)
    at next (/home/bitnami/Mean-App/node_modules/express/lib/router/index.js:280:10)
    at /home/bitnami/Mean-App/app.js:85:3
Error: No default engine was specified and no extension was provided.
    at new View (/home/bitnami/Mean-App/node_modules/express/lib/view.js:61:11)
    at Function.render (/home/bitnami/Mean-App/node_modules/express/lib/application.js:587:12)
    at ServerResponse.render (/home/bitnami/Mean-App/node_modules/express/lib/response.js:1039:7)
    at /home/bitnami/Mean-App/app.js:96:7
    at Layer.handle_error (/home/bitnami/Mean-App/node_modules/express/lib/router/layer.js:71:5)
    at trim_prefix (/home/bitnami/Mean-App/node_modules/express/lib/router/index.js:326:13)
    at /home/bitnami/Mean-App/node_modules/express/lib/router/index.js:286:9
    at Function.process_params (/home/bitnami/Mean-App/node_modules/express/lib/router/index.js:346:12)
    at next (/home/bitnami/Mean-App/node_modules/express/lib/router/index.js:280:10)
    at /home/bitnami/Mean-App/app.js:85:3
Error: No default engine was specified and no extension was provided.
    at new View (/home/bitnami/Mean-App/node_modules/express/lib/view.js:61:11)
    at Function.render (/home/bitnami/Mean-App/node_modules/express/lib/application.js:587:12)
    at ServerResponse.render (/home/bitnami/Mean-App/node_modules/express/lib/response.js:1039:7)
    at /home/bitnami/Mean-App/app.js:96:7
    at Layer.handle_error (/home/bitnami/Mean-App/node_modules/express/lib/router/layer.js:71:5)
    at trim_prefix (/home/bitnami/Mean-App/node_modules/express/lib/router/index.js:326:13)
    at /home/bitnami/Mean-App/node_modules/express/lib/router/index.js:286:9
    at Function.process_params (/home/bitnami/Mean-App/node_modules/express/lib/router/index.js:346:12)
    at next (/home/bitnami/Mean-App/node_modules/express/lib/router/index.js:280:10)
    at /home/bitnami/Mean-App/app.js:85:3
Error: No default engine was specified and no extension was provided.
    at new View (/home/bitnami/Mean-App/node_modules/express/lib/view.js:61:11)
    at Function.render (/home/bitnami/Mean-App/node_modules/express/lib/application.js:587:12)
    at ServerResponse.render (/home/bitnami/Mean-App/node_modules/express/lib/response.js:1039:7)
    at /home/bitnami/Mean-App/app.js:96:7
    at Layer.handle_error (/home/bitnami/Mean-App/node_modules/express/lib/router/layer.js:71:5)
    at trim_prefix (/home/bitnami/Mean-App/node_modules/express/lib/router/index.js:326:13)
    at /home/bitnami/Mean-App/node_modules/express/lib/router/index.js:286:9
    at Function.process_params (/home/bitnami/Mean-App/node_modules/express/lib/router/index.js:346:12)
    at next (/home/bitnami/Mean-App/node_modules/express/lib/router/index.js:280:10)
    at /home/bitnami/Mean-App/app.js:85:3
Error: No default engine was specified and no extension was provided.
    at new View (/home/bitnami/Mean-App/node_modules/express/lib/view.js:61:11)
    at Function.render (/home/bitnami/Mean-App/node_modules/express/lib/application.js:587:12)
    at ServerResponse.render (/home/bitnami/Mean-App/node_modules/express/lib/response.js:1039:7)
    at /home/bitnami/Mean-App/app.js:96:7
    at Layer.handle_error (/home/bitnami/Mean-App/node_modules/express/lib/router/layer.js:71:5)
    at trim_prefix (/home/bitnami/Mean-App/node_modules/express/lib/router/index.js:326:13)
    at /home/bitnami/Mean-App/node_modules/express/lib/router/index.js:286:9
    at Function.process_params (/home/bitnami/Mean-App/node_modules/express/lib/router/index.js:346:12)
    at next (/home/bitnami/Mean-App/node_modules/express/lib/router/index.js:280:10)
    at /home/bitnami/Mean-App/app.js:85:3
Error: No default engine was specified and no extension was provided.
    at new View (/home/bitnami/Mean-App/node_modules/express/lib/view.js:61:11)
    at Function.render (/home/bitnami/Mean-App/node_modules/express/lib/application.js:587:12)
    at ServerResponse.render (/home/bitnami/Mean-App/node_modules/express/lib/response.js:1039:7)
    at /home/bitnami/Mean-App/app.js:96:7
    at Layer.handle_error (/home/bitnami/Mean-App/node_modules/express/lib/router/layer.js:71:5)
    at trim_prefix (/home/bitnami/Mean-App/node_modules/express/lib/router/index.js:326:13)
    at /home/bitnami/Mean-App/node_modules/express/lib/router/index.js:286:9
    at Function.process_params (/home/bitnami/Mean-App/node_modules/express/lib/router/index.js:346:12)
    at next (/home/bitnami/Mean-App/node_modules/express/lib/router/index.js:280:10)
    at /home/bitnami/Mean-App/app.js:85:3
